The system is: Linux - 5.15.71 - x86_64
Compiling the C compiler identification source file "CMakeCCompilerId.c" succeeded.
Compiler: /nix/store/lsyzzki1iv9gwk4vdss7i1cjxrnxling-gcc-wrapper-11.3.0/bin/gcc 
Build flags: 
Id flags:  

The output was:
0


Compilation of the C compiler identification source "CMakeCCompilerId.c" produced "a.out"

The C compiler identification is GNU, found in "/home/auros/gits/programming/cpp/projects/cmakeex/ex3/build/CMakeFiles/3.22.3/CompilerIdC/a.out"

Compiling the CXX compiler identification source file "CMakeCXXCompilerId.cpp" succeeded.
Compiler: /nix/store/lsyzzki1iv9gwk4vdss7i1cjxrnxling-gcc-wrapper-11.3.0/bin/g++ 
Build flags: 
Id flags:  

The output was:
0


Compilation of the CXX compiler identification source "CMakeCXXCompilerId.cpp" produced "a.out"

The CXX compiler identification is GNU, found in "/home/auros/gits/programming/cpp/projects/cmakeex/ex3/build/CMakeFiles/3.22.3/CompilerIdCXX/a.out"

Detecting C compiler ABI info compiled with the following output:
Change Dir: /home/auros/gits/programming/cpp/projects/cmakeex/ex3/build/CMakeFiles/CMakeTmp

Run Build Command(s):/nix/store/w4mvsn06dwj8psl85b49m5fn2wrnsy13-gnumake-4.3/bin/make -f Makefile cmTC_eb6d1/fast && /nix/store/w4mvsn06dwj8psl85b49m5fn2wrnsy13-gnumake-4.3/bin/make  -f CMakeFiles/cmTC_eb6d1.dir/build.make CMakeFiles/cmTC_eb6d1.dir/build
make[1]: Entering directory '/home/auros/gits/programming/cpp/projects/cmakeex/ex3/build/CMakeFiles/CMakeTmp'
Building C object CMakeFiles/cmTC_eb6d1.dir/CMakeCCompilerABI.c.o
/nix/store/lsyzzki1iv9gwk4vdss7i1cjxrnxling-gcc-wrapper-11.3.0/bin/gcc   -v -o CMakeFiles/cmTC_eb6d1.dir/CMakeCCompilerABI.c.o -c /nix/store/k7lm30wld0jhdks4maz47v7ak8ydv2g6-cmake-3.22.3/share/cmake-3.22/Modules/CMakeCCompilerABI.c
Using built-in specs.
COLLECT_GCC=/nix/store/zg9fzn6m0480xqr2mx5ynqkziribycgv-gcc-11.3.0/bin/gcc
Target: x86_64-unknown-linux-gnu
Configured with: 
Thread model: posix
Supported LTO compression algorithms: zlib
gcc version 11.3.0 (GCC) 
COLLECT_GCC_OPTIONS='-fPIC' '-Wformat=1' '-Wformat-security' '-Werror=format-security' '-fstack-protector-strong' '--param=ssp-buffer-size=4' '-O2' '-D' '_FORTIFY_SOURCE=2' '-fno-strict-overflow' '-v' '-o' 'CMakeFiles/cmTC_eb6d1.dir/CMakeCCompilerABI.c.o' '-c' '-B' '/nix/store/cynvahq5hc4g8hg99vajx6p1gw7sqhm7-glibc-2.34-210/lib/' '-idirafter' '/nix/store/ab85b675p235dncb1s6hsb9pcckyxafj-glibc-2.34-210-dev/include' '-idirafter' '/nix/store/zg9fzn6m0480xqr2mx5ynqkziribycgv-gcc-11.3.0/lib/gcc/x86_64-unknown-linux-gnu/11.3.0/include-fixed' '-B' '/nix/store/9rg21b5cphwfs7dn4vh28xi5mxkppzqy-gcc-11.3.0-lib/lib' '-B' '/nix/store/lsyzzki1iv9gwk4vdss7i1cjxrnxling-gcc-wrapper-11.3.0/bin/' '-frandom-seed=v5gn4z33g0' '-mtune=generic' '-march=x86-64' '-fcommon' '-dumpdir' 'CMakeFiles/cmTC_eb6d1.dir/'
 /nix/store/zg9fzn6m0480xqr2mx5ynqkziribycgv-gcc-11.3.0/libexec/gcc/x86_64-unknown-linux-gnu/11.3.0/cc1 -quiet -v -D _FORTIFY_SOURCE=2 -idirafter /nix/store/ab85b675p235dncb1s6hsb9pcckyxafj-glibc-2.34-210-dev/include -idirafter /nix/store/zg9fzn6m0480xqr2mx5ynqkziribycgv-gcc-11.3.0/lib/gcc/x86_64-unknown-linux-gnu/11.3.0/include-fixed /nix/store/k7lm30wld0jhdks4maz47v7ak8ydv2g6-cmake-3.22.3/share/cmake-3.22/Modules/CMakeCCompilerABI.c -quiet -dumpdir CMakeFiles/cmTC_eb6d1.dir/ -dumpbase CMakeCCompilerABI.c.c -dumpbase-ext .c -mtune=generic -march=x86-64 -O2 -Wformat=1 -Wformat-security -Werror=format-security -version -fPIC -fstack-protector-strong -fno-strict-overflow -frandom-seed=v5gn4z33g0 -fcommon --param=ssp-buffer-size=4 -o /tmp/nix-shell.OxuV0b/ccrufh06.s
GNU C17 (GCC) version 11.3.0 (x86_64-unknown-linux-gnu)
	compiled by GNU C version 11.3.0, GMP version 6.2.1, MPFR version 4.1.0, MPC version 1.2.1, isl version isl-0.20-GMP

GGC heuristics: --param ggc-min-expand=100 --param ggc-min-heapsize=131072
ignoring nonexistent directory "/nix/store/zg9fzn6m0480xqr2mx5ynqkziribycgv-gcc-11.3.0/lib/gcc/x86_64-unknown-linux-gnu/11.3.0/../../../../x86_64-unknown-linux-gnu/include"
ignoring duplicate directory "/nix/store/ab85b675p235dncb1s6hsb9pcckyxafj-glibc-2.34-210-dev/include"
ignoring duplicate directory "/nix/store/zg9fzn6m0480xqr2mx5ynqkziribycgv-gcc-11.3.0/lib/gcc/x86_64-unknown-linux-gnu/11.3.0/include-fixed"
#include "..." search starts here:
#include <...> search starts here:
 /nix/store/zg9fzn6m0480xqr2mx5ynqkziribycgv-gcc-11.3.0/lib/gcc/x86_64-unknown-linux-gnu/11.3.0/include
 /nix/store/zg9fzn6m0480xqr2mx5ynqkziribycgv-gcc-11.3.0/include
 /nix/store/zg9fzn6m0480xqr2mx5ynqkziribycgv-gcc-11.3.0/lib/gcc/x86_64-unknown-linux-gnu/11.3.0/include-fixed
 /nix/store/ab85b675p235dncb1s6hsb9pcckyxafj-glibc-2.34-210-dev/include
End of search list.
GNU C17 (GCC) version 11.3.0 (x86_64-unknown-linux-gnu)
	compiled by GNU C version 11.3.0, GMP version 6.2.1, MPFR version 4.1.0, MPC version 1.2.1, isl version isl-0.20-GMP

GGC heuristics: --param ggc-min-expand=100 --param ggc-min-heapsize=131072
Compiler executable checksum: 9748e0be3376216fa802f45ddb208f80
COLLECT_GCC_OPTIONS='-fPIC' '-Wformat=1' '-Wformat-security' '-Werror=format-security' '-fstack-protector-strong' '--param=ssp-buffer-size=4' '-O2' '-D' '_FORTIFY_SOURCE=2' '-fno-strict-overflow' '-v' '-o' 'CMakeFiles/cmTC_eb6d1.dir/CMakeCCompilerABI.c.o' '-c' '-B' '/nix/store/cynvahq5hc4g8hg99vajx6p1gw7sqhm7-glibc-2.34-210/lib/' '-idirafter' '/nix/store/ab85b675p235dncb1s6hsb9pcckyxafj-glibc-2.34-210-dev/include' '-idirafter' '/nix/store/zg9fzn6m0480xqr2mx5ynqkziribycgv-gcc-11.3.0/lib/gcc/x86_64-unknown-linux-gnu/11.3.0/include-fixed' '-B' '/nix/store/9rg21b5cphwfs7dn4vh28xi5mxkppzqy-gcc-11.3.0-lib/lib' '-B' '/nix/store/lsyzzki1iv9gwk4vdss7i1cjxrnxling-gcc-wrapper-11.3.0/bin/' '-frandom-seed=v5gn4z33g0' '-mtune=generic' '-march=x86-64' '-fcommon' '-dumpdir' 'CMakeFiles/cmTC_eb6d1.dir/'
 /nix/store/lsyzzki1iv9gwk4vdss7i1cjxrnxling-gcc-wrapper-11.3.0/bin/as -v --64 -o CMakeFiles/cmTC_eb6d1.dir/CMakeCCompilerABI.c.o /tmp/nix-shell.OxuV0b/ccrufh06.s
GNU assembler version 2.38 (x86_64-unknown-linux-gnu) using BFD version (GNU Binutils) 2.38
COMPILER_PATH=/nix/store/cynvahq5hc4g8hg99vajx6p1gw7sqhm7-glibc-2.34-210/lib/:/nix/store/9rg21b5cphwfs7dn4vh28xi5mxkppzqy-gcc-11.3.0-lib/lib/:/nix/store/lsyzzki1iv9gwk4vdss7i1cjxrnxling-gcc-wrapper-11.3.0/bin/:/nix/store/zg9fzn6m0480xqr2mx5ynqkziribycgv-gcc-11.3.0/libexec/gcc/x86_64-unknown-linux-gnu/11.3.0/:/nix/store/zg9fzn6m0480xqr2mx5ynqkziribycgv-gcc-11.3.0/libexec/gcc/x86_64-unknown-linux-gnu/11.3.0/:/nix/store/zg9fzn6m0480xqr2mx5ynqkziribycgv-gcc-11.3.0/libexec/gcc/x86_64-unknown-linux-gnu/:/nix/store/zg9fzn6m0480xqr2mx5ynqkziribycgv-gcc-11.3.0/lib/gcc/x86_64-unknown-linux-gnu/11.3.0/:/nix/store/zg9fzn6m0480xqr2mx5ynqkziribycgv-gcc-11.3.0/lib/gcc/x86_64-unknown-linux-gnu/
LIBRARY_PATH=/nix/store/cynvahq5hc4g8hg99vajx6p1gw7sqhm7-glibc-2.34-210/lib/:/nix/store/9rg21b5cphwfs7dn4vh28xi5mxkppzqy-gcc-11.3.0-lib/lib/:/nix/store/lsyzzki1iv9gwk4vdss7i1cjxrnxling-gcc-wrapper-11.3.0/bin/:/nix/store/zg9fzn6m0480xqr2mx5ynqkziribycgv-gcc-11.3.0/lib/gcc/x86_64-unknown-linux-gnu/11.3.0/:/nix/store/zg9fzn6m0480xqr2mx5ynqkziribycgv-gcc-11.3.0/lib/gcc/x86_64-unknown-linux-gnu/11.3.0/../../../../lib64/:/nix/store/zg9fzn6m0480xqr2mx5ynqkziribycgv-gcc-11.3.0/lib/gcc/x86_64-unknown-linux-gnu/11.3.0/../../../
COLLECT_GCC_OPTIONS='-fPIC' '-Wformat=1' '-Wformat-security' '-Werror=format-security' '-fstack-protector-strong' '--param=ssp-buffer-size=4' '-O2' '-D' '_FORTIFY_SOURCE=2' '-fno-strict-overflow' '-v' '-o' 'CMakeFiles/cmTC_eb6d1.dir/CMakeCCompilerABI.c.o' '-c' '-B' '/nix/store/cynvahq5hc4g8hg99vajx6p1gw7sqhm7-glibc-2.34-210/lib/' '-idirafter' '/nix/store/ab85b675p235dncb1s6hsb9pcckyxafj-glibc-2.34-210-dev/include' '-idirafter' '/nix/store/zg9fzn6m0480xqr2mx5ynqkziribycgv-gcc-11.3.0/lib/gcc/x86_64-unknown-linux-gnu/11.3.0/include-fixed' '-B' '/nix/store/9rg21b5cphwfs7dn4vh28xi5mxkppzqy-gcc-11.3.0-lib/lib' '-B' '/nix/store/lsyzzki1iv9gwk4vdss7i1cjxrnxling-gcc-wrapper-11.3.0/bin/' '-frandom-seed=v5gn4z33g0' '-mtune=generic' '-march=x86-64' '-fcommon' '-dumpdir' 'CMakeFiles/cmTC_eb6d1.dir/CMakeCCompilerABI.c.'
Linking C executable cmTC_eb6d1
/nix/store/k7lm30wld0jhdks4maz47v7ak8ydv2g6-cmake-3.22.3/bin/cmake -E cmake_link_script CMakeFiles/cmTC_eb6d1.dir/link.txt --verbose=1
/nix/store/lsyzzki1iv9gwk4vdss7i1cjxrnxling-gcc-wrapper-11.3.0/bin/gcc  -v -rdynamic CMakeFiles/cmTC_eb6d1.dir/CMakeCCompilerABI.c.o -o cmTC_eb6d1 
Using built-in specs.
COLLECT_GCC=/nix/store/zg9fzn6m0480xqr2mx5ynqkziribycgv-gcc-11.3.0/bin/gcc
COLLECT_LTO_WRAPPER=/nix/store/zg9fzn6m0480xqr2mx5ynqkziribycgv-gcc-11.3.0/libexec/gcc/x86_64-unknown-linux-gnu/11.3.0/lto-wrapper
Target: x86_64-unknown-linux-gnu
Configured with: 
Thread model: posix
Supported LTO compression algorithms: zlib
gcc version 11.3.0 (GCC) 
COMPILER_PATH=/nix/store/cynvahq5hc4g8hg99vajx6p1gw7sqhm7-glibc-2.34-210/lib/:/nix/store/9rg21b5cphwfs7dn4vh28xi5mxkppzqy-gcc-11.3.0-lib/lib/:/nix/store/lsyzzki1iv9gwk4vdss7i1cjxrnxling-gcc-wrapper-11.3.0/bin/:/nix/store/zg9fzn6m0480xqr2mx5ynqkziribycgv-gcc-11.3.0/libexec/gcc/x86_64-unknown-linux-gnu/11.3.0/:/nix/store/zg9fzn6m0480xqr2mx5ynqkziribycgv-gcc-11.3.0/libexec/gcc/x86_64-unknown-linux-gnu/11.3.0/:/nix/store/zg9fzn6m0480xqr2mx5ynqkziribycgv-gcc-11.3.0/libexec/gcc/x86_64-unknown-linux-gnu/:/nix/store/zg9fzn6m0480xqr2mx5ynqkziribycgv-gcc-11.3.0/lib/gcc/x86_64-unknown-linux-gnu/11.3.0/:/nix/store/zg9fzn6m0480xqr2mx5ynqkziribycgv-gcc-11.3.0/lib/gcc/x86_64-unknown-linux-gnu/
LIBRARY_PATH=/nix/store/cynvahq5hc4g8hg99vajx6p1gw7sqhm7-glibc-2.34-210/lib/:/nix/store/9rg21b5cphwfs7dn4vh28xi5mxkppzqy-gcc-11.3.0-lib/lib/:/nix/store/lsyzzki1iv9gwk4vdss7i1cjxrnxling-gcc-wrapper-11.3.0/bin/:/nix/store/zg9fzn6m0480xqr2mx5ynqkziribycgv-gcc-11.3.0/lib/gcc/x86_64-unknown-linux-gnu/11.3.0/:/nix/store/zg9fzn6m0480xqr2mx5ynqkziribycgv-gcc-11.3.0/lib/gcc/x86_64-unknown-linux-gnu/11.3.0/../../../../lib64/:/nix/store/zg9fzn6m0480xqr2mx5ynqkziribycgv-gcc-11.3.0/lib/gcc/x86_64-unknown-linux-gnu/11.3.0/../../../
COLLECT_GCC_OPTIONS='-fPIC' '-Wformat=1' '-Wformat-security' '-Werror=format-security' '-fstack-protector-strong' '--param=ssp-buffer-size=4' '-O2' '-D' '_FORTIFY_SOURCE=2' '-fno-strict-overflow' '-v' '-rdynamic' '-o' 'cmTC_eb6d1' '-B' '/nix/store/cynvahq5hc4g8hg99vajx6p1gw7sqhm7-glibc-2.34-210/lib/' '-idirafter' '/nix/store/ab85b675p235dncb1s6hsb9pcckyxafj-glibc-2.34-210-dev/include' '-idirafter' '/nix/store/zg9fzn6m0480xqr2mx5ynqkziribycgv-gcc-11.3.0/lib/gcc/x86_64-unknown-linux-gnu/11.3.0/include-fixed' '-B' '/nix/store/9rg21b5cphwfs7dn4vh28xi5mxkppzqy-gcc-11.3.0-lib/lib' '-B' '/nix/store/lsyzzki1iv9gwk4vdss7i1cjxrnxling-gcc-wrapper-11.3.0/bin/' '-frandom-seed=v5gn4z33g0' '-L/nix/store/cynvahq5hc4g8hg99vajx6p1gw7sqhm7-glibc-2.34-210/lib' '-L/nix/store/9rg21b5cphwfs7dn4vh28xi5mxkppzqy-gcc-11.3.0-lib/lib' '-mtune=generic' '-march=x86-64' '-fcommon' '-dumpdir' 'cmTC_eb6d1.'
 /nix/store/zg9fzn6m0480xqr2mx5ynqkziribycgv-gcc-11.3.0/libexec/gcc/x86_64-unknown-linux-gnu/11.3.0/collect2 -plugin /nix/store/zg9fzn6m0480xqr2mx5ynqkziribycgv-gcc-11.3.0/libexec/gcc/x86_64-unknown-linux-gnu/11.3.0/liblto_plugin.so -plugin-opt=/nix/store/zg9fzn6m0480xqr2mx5ynqkziribycgv-gcc-11.3.0/libexec/gcc/x86_64-unknown-linux-gnu/11.3.0/lto-wrapper -plugin-opt=-fresolution=/tmp/nix-shell.OxuV0b/ccIODmp9.res -plugin-opt=-pass-through=-lgcc -plugin-opt=-pass-through=-lgcc_s -plugin-opt=-pass-through=-lc -plugin-opt=-pass-through=-lgcc -plugin-opt=-pass-through=-lgcc_s --eh-frame-hdr -m elf_x86_64 -export-dynamic -dynamic-linker /nix/store/cynvahq5hc4g8hg99vajx6p1gw7sqhm7-glibc-2.34-210/lib64/ld-linux-x86-64.so.2 -o cmTC_eb6d1 /nix/store/cynvahq5hc4g8hg99vajx6p1gw7sqhm7-glibc-2.34-210/lib/crt1.o /nix/store/cynvahq5hc4g8hg99vajx6p1gw7sqhm7-glibc-2.34-210/lib/crti.o /nix/store/zg9fzn6m0480xqr2mx5ynqkziribycgv-gcc-11.3.0/lib/gcc/x86_64-unknown-linux-gnu/11.3.0/crtbegin.o -L/nix/store/cynvahq5hc4g8hg99vajx6p1gw7sqhm7-glibc-2.34-210/lib -L/nix/store/9rg21b5cphwfs7dn4vh28xi5mxkppzqy-gcc-11.3.0-lib/lib -L/nix/store/cynvahq5hc4g8hg99vajx6p1gw7sqhm7-glibc-2.34-210/lib -L/nix/store/9rg21b5cphwfs7dn4vh28xi5mxkppzqy-gcc-11.3.0-lib/lib -L/nix/store/lsyzzki1iv9gwk4vdss7i1cjxrnxling-gcc-wrapper-11.3.0/bin -L/nix/store/zg9fzn6m0480xqr2mx5ynqkziribycgv-gcc-11.3.0/lib/gcc/x86_64-unknown-linux-gnu/11.3.0 -L/nix/store/zg9fzn6m0480xqr2mx5ynqkziribycgv-gcc-11.3.0/lib/gcc/x86_64-unknown-linux-gnu/11.3.0/../../../../lib64 -L/nix/store/zg9fzn6m0480xqr2mx5ynqkziribycgv-gcc-11.3.0/lib/gcc/x86_64-unknown-linux-gnu/11.3.0/../../.. -dynamic-linker=/nix/store/cynvahq5hc4g8hg99vajx6p1gw7sqhm7-glibc-2.34-210/lib/ld-linux-x86-64.so.2 CMakeFiles/cmTC_eb6d1.dir/CMakeCCompilerABI.c.o -rpath /home/auros/gits/programming/cpp/projects/cmakeex/ex3/outputs/out/lib64 -rpath /home/auros/gits/programming/cpp/projects/cmakeex/ex3/outputs/out/lib -lgcc --push-state --as-needed -lgcc_s --pop-state -lc -lgcc --push-state --as-needed -lgcc_s --pop-state /nix/store/zg9fzn6m0480xqr2mx5ynqkziribycgv-gcc-11.3.0/lib/gcc/x86_64-unknown-linux-gnu/11.3.0/crtend.o /nix/store/cynvahq5hc4g8hg99vajx6p1gw7sqhm7-glibc-2.34-210/lib/crtn.o
COLLECT_GCC_OPTIONS='-fPIC' '-Wformat=1' '-Wformat-security' '-Werror=format-security' '-fstack-protector-strong' '--param=ssp-buffer-size=4' '-O2' '-D' '_FORTIFY_SOURCE=2' '-fno-strict-overflow' '-v' '-rdynamic' '-o' 'cmTC_eb6d1' '-B' '/nix/store/cynvahq5hc4g8hg99vajx6p1gw7sqhm7-glibc-2.34-210/lib/' '-idirafter' '/nix/store/ab85b675p235dncb1s6hsb9pcckyxafj-glibc-2.34-210-dev/include' '-idirafter' '/nix/store/zg9fzn6m0480xqr2mx5ynqkziribycgv-gcc-11.3.0/lib/gcc/x86_64-unknown-linux-gnu/11.3.0/include-fixed' '-B' '/nix/store/9rg21b5cphwfs7dn4vh28xi5mxkppzqy-gcc-11.3.0-lib/lib' '-B' '/nix/store/lsyzzki1iv9gwk4vdss7i1cjxrnxling-gcc-wrapper-11.3.0/bin/' '-frandom-seed=v5gn4z33g0' '-L/nix/store/cynvahq5hc4g8hg99vajx6p1gw7sqhm7-glibc-2.34-210/lib' '-L/nix/store/9rg21b5cphwfs7dn4vh28xi5mxkppzqy-gcc-11.3.0-lib/lib' '-mtune=generic' '-march=x86-64' '-fcommon' '-dumpdir' 'cmTC_eb6d1.'
make[1]: Leaving directory '/home/auros/gits/programming/cpp/projects/cmakeex/ex3/build/CMakeFiles/CMakeTmp'



Parsed C implicit include dir info from above output: rv=done
  found start of include info
  found start of implicit include info
    add: [/nix/store/zg9fzn6m0480xqr2mx5ynqkziribycgv-gcc-11.3.0/lib/gcc/x86_64-unknown-linux-gnu/11.3.0/include]
    add: [/nix/store/zg9fzn6m0480xqr2mx5ynqkziribycgv-gcc-11.3.0/include]
    add: [/nix/store/zg9fzn6m0480xqr2mx5ynqkziribycgv-gcc-11.3.0/lib/gcc/x86_64-unknown-linux-gnu/11.3.0/include-fixed]
    add: [/nix/store/ab85b675p235dncb1s6hsb9pcckyxafj-glibc-2.34-210-dev/include]
  end of search list found
  collapse include dir [/nix/store/zg9fzn6m0480xqr2mx5ynqkziribycgv-gcc-11.3.0/lib/gcc/x86_64-unknown-linux-gnu/11.3.0/include] ==> [/nix/store/zg9fzn6m0480xqr2mx5ynqkziribycgv-gcc-11.3.0/lib/gcc/x86_64-unknown-linux-gnu/11.3.0/include]
  collapse include dir [/nix/store/zg9fzn6m0480xqr2mx5ynqkziribycgv-gcc-11.3.0/include] ==> [/nix/store/zg9fzn6m0480xqr2mx5ynqkziribycgv-gcc-11.3.0/include]
  collapse include dir [/nix/store/zg9fzn6m0480xqr2mx5ynqkziribycgv-gcc-11.3.0/lib/gcc/x86_64-unknown-linux-gnu/11.3.0/include-fixed] ==> [/nix/store/zg9fzn6m0480xqr2mx5ynqkziribycgv-gcc-11.3.0/lib/gcc/x86_64-unknown-linux-gnu/11.3.0/include-fixed]
  collapse include dir [/nix/store/ab85b675p235dncb1s6hsb9pcckyxafj-glibc-2.34-210-dev/include] ==> [/nix/store/ab85b675p235dncb1s6hsb9pcckyxafj-glibc-2.34-210-dev/include]
  implicit include dirs: [/nix/store/zg9fzn6m0480xqr2mx5ynqkziribycgv-gcc-11.3.0/lib/gcc/x86_64-unknown-linux-gnu/11.3.0/include;/nix/store/zg9fzn6m0480xqr2mx5ynqkziribycgv-gcc-11.3.0/include;/nix/store/zg9fzn6m0480xqr2mx5ynqkziribycgv-gcc-11.3.0/lib/gcc/x86_64-unknown-linux-gnu/11.3.0/include-fixed;/nix/store/ab85b675p235dncb1s6hsb9pcckyxafj-glibc-2.34-210-dev/include]


Parsed C implicit link information from above output:
  link line regex: [^( *|.*[/\])(ld|CMAKE_LINK_STARTFILE-NOTFOUND|([^/\]+-)?ld|collect2)[^/\]*( |$)]
  ignore line: [Change Dir: /home/auros/gits/programming/cpp/projects/cmakeex/ex3/build/CMakeFiles/CMakeTmp]
  ignore line: []
  ignore line: [Run Build Command(s):/nix/store/w4mvsn06dwj8psl85b49m5fn2wrnsy13-gnumake-4.3/bin/make -f Makefile cmTC_eb6d1/fast && /nix/store/w4mvsn06dwj8psl85b49m5fn2wrnsy13-gnumake-4.3/bin/make  -f CMakeFiles/cmTC_eb6d1.dir/build.make CMakeFiles/cmTC_eb6d1.dir/build]
  ignore line: [make[1]: Entering directory '/home/auros/gits/programming/cpp/projects/cmakeex/ex3/build/CMakeFiles/CMakeTmp']
  ignore line: [Building C object CMakeFiles/cmTC_eb6d1.dir/CMakeCCompilerABI.c.o]
  ignore line: [/nix/store/lsyzzki1iv9gwk4vdss7i1cjxrnxling-gcc-wrapper-11.3.0/bin/gcc   -v -o CMakeFiles/cmTC_eb6d1.dir/CMakeCCompilerABI.c.o -c /nix/store/k7lm30wld0jhdks4maz47v7ak8ydv2g6-cmake-3.22.3/share/cmake-3.22/Modules/CMakeCCompilerABI.c]
  ignore line: [Using built-in specs.]
  ignore line: [COLLECT_GCC=/nix/store/zg9fzn6m0480xqr2mx5ynqkziribycgv-gcc-11.3.0/bin/gcc]
  ignore line: [Target: x86_64-unknown-linux-gnu]
  ignore line: [Configured with: ]
  ignore line: [Thread model: posix]
  ignore line: [Supported LTO compression algorithms: zlib]
  ignore line: [gcc version 11.3.0 (GCC) ]
  ignore line: [COLLECT_GCC_OPTIONS='-fPIC' '-Wformat=1' '-Wformat-security' '-Werror=format-security' '-fstack-protector-strong' '--param=ssp-buffer-size=4' '-O2' '-D' '_FORTIFY_SOURCE=2' '-fno-strict-overflow' '-v' '-o' 'CMakeFiles/cmTC_eb6d1.dir/CMakeCCompilerABI.c.o' '-c' '-B' '/nix/store/cynvahq5hc4g8hg99vajx6p1gw7sqhm7-glibc-2.34-210/lib/' '-idirafter' '/nix/store/ab85b675p235dncb1s6hsb9pcckyxafj-glibc-2.34-210-dev/include' '-idirafter' '/nix/store/zg9fzn6m0480xqr2mx5ynqkziribycgv-gcc-11.3.0/lib/gcc/x86_64-unknown-linux-gnu/11.3.0/include-fixed' '-B' '/nix/store/9rg21b5cphwfs7dn4vh28xi5mxkppzqy-gcc-11.3.0-lib/lib' '-B' '/nix/store/lsyzzki1iv9gwk4vdss7i1cjxrnxling-gcc-wrapper-11.3.0/bin/' '-frandom-seed=v5gn4z33g0' '-mtune=generic' '-march=x86-64' '-fcommon' '-dumpdir' 'CMakeFiles/cmTC_eb6d1.dir/']
  ignore line: [ /nix/store/zg9fzn6m0480xqr2mx5ynqkziribycgv-gcc-11.3.0/libexec/gcc/x86_64-unknown-linux-gnu/11.3.0/cc1 -quiet -v -D _FORTIFY_SOURCE=2 -idirafter /nix/store/ab85b675p235dncb1s6hsb9pcckyxafj-glibc-2.34-210-dev/include -idirafter /nix/store/zg9fzn6m0480xqr2mx5ynqkziribycgv-gcc-11.3.0/lib/gcc/x86_64-unknown-linux-gnu/11.3.0/include-fixed /nix/store/k7lm30wld0jhdks4maz47v7ak8ydv2g6-cmake-3.22.3/share/cmake-3.22/Modules/CMakeCCompilerABI.c -quiet -dumpdir CMakeFiles/cmTC_eb6d1.dir/ -dumpbase CMakeCCompilerABI.c.c -dumpbase-ext .c -mtune=generic -march=x86-64 -O2 -Wformat=1 -Wformat-security -Werror=format-security -version -fPIC -fstack-protector-strong -fno-strict-overflow -frandom-seed=v5gn4z33g0 -fcommon --param=ssp-buffer-size=4 -o /tmp/nix-shell.OxuV0b/ccrufh06.s]
  ignore line: [GNU C17 (GCC) version 11.3.0 (x86_64-unknown-linux-gnu)]
  ignore line: [	compiled by GNU C version 11.3.0  GMP version 6.2.1  MPFR version 4.1.0  MPC version 1.2.1  isl version isl-0.20-GMP]
  ignore line: []
  ignore line: [GGC heuristics: --param ggc-min-expand=100 --param ggc-min-heapsize=131072]
  ignore line: [ignoring nonexistent directory "/nix/store/zg9fzn6m0480xqr2mx5ynqkziribycgv-gcc-11.3.0/lib/gcc/x86_64-unknown-linux-gnu/11.3.0/../../../../x86_64-unknown-linux-gnu/include"]
  ignore line: [ignoring duplicate directory "/nix/store/ab85b675p235dncb1s6hsb9pcckyxafj-glibc-2.34-210-dev/include"]
  ignore line: [ignoring duplicate directory "/nix/store/zg9fzn6m0480xqr2mx5ynqkziribycgv-gcc-11.3.0/lib/gcc/x86_64-unknown-linux-gnu/11.3.0/include-fixed"]
  ignore line: [#include "..." search starts here:]
  ignore line: [#include <...> search starts here:]
  ignore line: [ /nix/store/zg9fzn6m0480xqr2mx5ynqkziribycgv-gcc-11.3.0/lib/gcc/x86_64-unknown-linux-gnu/11.3.0/include]
  ignore line: [ /nix/store/zg9fzn6m0480xqr2mx5ynqkziribycgv-gcc-11.3.0/include]
  ignore line: [ /nix/store/zg9fzn6m0480xqr2mx5ynqkziribycgv-gcc-11.3.0/lib/gcc/x86_64-unknown-linux-gnu/11.3.0/include-fixed]
  ignore line: [ /nix/store/ab85b675p235dncb1s6hsb9pcckyxafj-glibc-2.34-210-dev/include]
  ignore line: [End of search list.]
  ignore line: [GNU C17 (GCC) version 11.3.0 (x86_64-unknown-linux-gnu)]
  ignore line: [	compiled by GNU C version 11.3.0  GMP version 6.2.1  MPFR version 4.1.0  MPC version 1.2.1  isl version isl-0.20-GMP]
  ignore line: []
  ignore line: [GGC heuristics: --param ggc-min-expand=100 --param ggc-min-heapsize=131072]
  ignore line: [Compiler executable checksum: 9748e0be3376216fa802f45ddb208f80]
  ignore line: [COLLECT_GCC_OPTIONS='-fPIC' '-Wformat=1' '-Wformat-security' '-Werror=format-security' '-fstack-protector-strong' '--param=ssp-buffer-size=4' '-O2' '-D' '_FORTIFY_SOURCE=2' '-fno-strict-overflow' '-v' '-o' 'CMakeFiles/cmTC_eb6d1.dir/CMakeCCompilerABI.c.o' '-c' '-B' '/nix/store/cynvahq5hc4g8hg99vajx6p1gw7sqhm7-glibc-2.34-210/lib/' '-idirafter' '/nix/store/ab85b675p235dncb1s6hsb9pcckyxafj-glibc-2.34-210-dev/include' '-idirafter' '/nix/store/zg9fzn6m0480xqr2mx5ynqkziribycgv-gcc-11.3.0/lib/gcc/x86_64-unknown-linux-gnu/11.3.0/include-fixed' '-B' '/nix/store/9rg21b5cphwfs7dn4vh28xi5mxkppzqy-gcc-11.3.0-lib/lib' '-B' '/nix/store/lsyzzki1iv9gwk4vdss7i1cjxrnxling-gcc-wrapper-11.3.0/bin/' '-frandom-seed=v5gn4z33g0' '-mtune=generic' '-march=x86-64' '-fcommon' '-dumpdir' 'CMakeFiles/cmTC_eb6d1.dir/']
  ignore line: [ /nix/store/lsyzzki1iv9gwk4vdss7i1cjxrnxling-gcc-wrapper-11.3.0/bin/as -v --64 -o CMakeFiles/cmTC_eb6d1.dir/CMakeCCompilerABI.c.o /tmp/nix-shell.OxuV0b/ccrufh06.s]
  ignore line: [GNU assembler version 2.38 (x86_64-unknown-linux-gnu) using BFD version (GNU Binutils) 2.38]
  ignore line: [COMPILER_PATH=/nix/store/cynvahq5hc4g8hg99vajx6p1gw7sqhm7-glibc-2.34-210/lib/:/nix/store/9rg21b5cphwfs7dn4vh28xi5mxkppzqy-gcc-11.3.0-lib/lib/:/nix/store/lsyzzki1iv9gwk4vdss7i1cjxrnxling-gcc-wrapper-11.3.0/bin/:/nix/store/zg9fzn6m0480xqr2mx5ynqkziribycgv-gcc-11.3.0/libexec/gcc/x86_64-unknown-linux-gnu/11.3.0/:/nix/store/zg9fzn6m0480xqr2mx5ynqkziribycgv-gcc-11.3.0/libexec/gcc/x86_64-unknown-linux-gnu/11.3.0/:/nix/store/zg9fzn6m0480xqr2mx5ynqkziribycgv-gcc-11.3.0/libexec/gcc/x86_64-unknown-linux-gnu/:/nix/store/zg9fzn6m0480xqr2mx5ynqkziribycgv-gcc-11.3.0/lib/gcc/x86_64-unknown-linux-gnu/11.3.0/:/nix/store/zg9fzn6m0480xqr2mx5ynqkziribycgv-gcc-11.3.0/lib/gcc/x86_64-unknown-linux-gnu/]
  ignore line: [LIBRARY_PATH=/nix/store/cynvahq5hc4g8hg99vajx6p1gw7sqhm7-glibc-2.34-210/lib/:/nix/store/9rg21b5cphwfs7dn4vh28xi5mxkppzqy-gcc-11.3.0-lib/lib/:/nix/store/lsyzzki1iv9gwk4vdss7i1cjxrnxling-gcc-wrapper-11.3.0/bin/:/nix/store/zg9fzn6m0480xqr2mx5ynqkziribycgv-gcc-11.3.0/lib/gcc/x86_64-unknown-linux-gnu/11.3.0/:/nix/store/zg9fzn6m0480xqr2mx5ynqkziribycgv-gcc-11.3.0/lib/gcc/x86_64-unknown-linux-gnu/11.3.0/../../../../lib64/:/nix/store/zg9fzn6m0480xqr2mx5ynqkziribycgv-gcc-11.3.0/lib/gcc/x86_64-unknown-linux-gnu/11.3.0/../../../]
  ignore line: [COLLECT_GCC_OPTIONS='-fPIC' '-Wformat=1' '-Wformat-security' '-Werror=format-security' '-fstack-protector-strong' '--param=ssp-buffer-size=4' '-O2' '-D' '_FORTIFY_SOURCE=2' '-fno-strict-overflow' '-v' '-o' 'CMakeFiles/cmTC_eb6d1.dir/CMakeCCompilerABI.c.o' '-c' '-B' '/nix/store/cynvahq5hc4g8hg99vajx6p1gw7sqhm7-glibc-2.34-210/lib/' '-idirafter' '/nix/store/ab85b675p235dncb1s6hsb9pcckyxafj-glibc-2.34-210-dev/include' '-idirafter' '/nix/store/zg9fzn6m0480xqr2mx5ynqkziribycgv-gcc-11.3.0/lib/gcc/x86_64-unknown-linux-gnu/11.3.0/include-fixed' '-B' '/nix/store/9rg21b5cphwfs7dn4vh28xi5mxkppzqy-gcc-11.3.0-lib/lib' '-B' '/nix/store/lsyzzki1iv9gwk4vdss7i1cjxrnxling-gcc-wrapper-11.3.0/bin/' '-frandom-seed=v5gn4z33g0' '-mtune=generic' '-march=x86-64' '-fcommon' '-dumpdir' 'CMakeFiles/cmTC_eb6d1.dir/CMakeCCompilerABI.c.']
  ignore line: [Linking C executable cmTC_eb6d1]
  ignore line: [/nix/store/k7lm30wld0jhdks4maz47v7ak8ydv2g6-cmake-3.22.3/bin/cmake -E cmake_link_script CMakeFiles/cmTC_eb6d1.dir/link.txt --verbose=1]
  ignore line: [/nix/store/lsyzzki1iv9gwk4vdss7i1cjxrnxling-gcc-wrapper-11.3.0/bin/gcc  -v -rdynamic CMakeFiles/cmTC_eb6d1.dir/CMakeCCompilerABI.c.o -o cmTC_eb6d1 ]
  ignore line: [Using built-in specs.]
  ignore line: [COLLECT_GCC=/nix/store/zg9fzn6m0480xqr2mx5ynqkziribycgv-gcc-11.3.0/bin/gcc]
  ignore line: [COLLECT_LTO_WRAPPER=/nix/store/zg9fzn6m0480xqr2mx5ynqkziribycgv-gcc-11.3.0/libexec/gcc/x86_64-unknown-linux-gnu/11.3.0/lto-wrapper]
  ignore line: [Target: x86_64-unknown-linux-gnu]
  ignore line: [Configured with: ]
  ignore line: [Thread model: posix]
  ignore line: [Supported LTO compression algorithms: zlib]
  ignore line: [gcc version 11.3.0 (GCC) ]
  ignore line: [COMPILER_PATH=/nix/store/cynvahq5hc4g8hg99vajx6p1gw7sqhm7-glibc-2.34-210/lib/:/nix/store/9rg21b5cphwfs7dn4vh28xi5mxkppzqy-gcc-11.3.0-lib/lib/:/nix/store/lsyzzki1iv9gwk4vdss7i1cjxrnxling-gcc-wrapper-11.3.0/bin/:/nix/store/zg9fzn6m0480xqr2mx5ynqkziribycgv-gcc-11.3.0/libexec/gcc/x86_64-unknown-linux-gnu/11.3.0/:/nix/store/zg9fzn6m0480xqr2mx5ynqkziribycgv-gcc-11.3.0/libexec/gcc/x86_64-unknown-linux-gnu/11.3.0/:/nix/store/zg9fzn6m0480xqr2mx5ynqkziribycgv-gcc-11.3.0/libexec/gcc/x86_64-unknown-linux-gnu/:/nix/store/zg9fzn6m0480xqr2mx5ynqkziribycgv-gcc-11.3.0/lib/gcc/x86_64-unknown-linux-gnu/11.3.0/:/nix/store/zg9fzn6m0480xqr2mx5ynqkziribycgv-gcc-11.3.0/lib/gcc/x86_64-unknown-linux-gnu/]
  ignore line: [LIBRARY_PATH=/nix/store/cynvahq5hc4g8hg99vajx6p1gw7sqhm7-glibc-2.34-210/lib/:/nix/store/9rg21b5cphwfs7dn4vh28xi5mxkppzqy-gcc-11.3.0-lib/lib/:/nix/store/lsyzzki1iv9gwk4vdss7i1cjxrnxling-gcc-wrapper-11.3.0/bin/:/nix/store/zg9fzn6m0480xqr2mx5ynqkziribycgv-gcc-11.3.0/lib/gcc/x86_64-unknown-linux-gnu/11.3.0/:/nix/store/zg9fzn6m0480xqr2mx5ynqkziribycgv-gcc-11.3.0/lib/gcc/x86_64-unknown-linux-gnu/11.3.0/../../../../lib64/:/nix/store/zg9fzn6m0480xqr2mx5ynqkziribycgv-gcc-11.3.0/lib/gcc/x86_64-unknown-linux-gnu/11.3.0/../../../]
  ignore line: [COLLECT_GCC_OPTIONS='-fPIC' '-Wformat=1' '-Wformat-security' '-Werror=format-security' '-fstack-protector-strong' '--param=ssp-buffer-size=4' '-O2' '-D' '_FORTIFY_SOURCE=2' '-fno-strict-overflow' '-v' '-rdynamic' '-o' 'cmTC_eb6d1' '-B' '/nix/store/cynvahq5hc4g8hg99vajx6p1gw7sqhm7-glibc-2.34-210/lib/' '-idirafter' '/nix/store/ab85b675p235dncb1s6hsb9pcckyxafj-glibc-2.34-210-dev/include' '-idirafter' '/nix/store/zg9fzn6m0480xqr2mx5ynqkziribycgv-gcc-11.3.0/lib/gcc/x86_64-unknown-linux-gnu/11.3.0/include-fixed' '-B' '/nix/store/9rg21b5cphwfs7dn4vh28xi5mxkppzqy-gcc-11.3.0-lib/lib' '-B' '/nix/store/lsyzzki1iv9gwk4vdss7i1cjxrnxling-gcc-wrapper-11.3.0/bin/' '-frandom-seed=v5gn4z33g0' '-L/nix/store/cynvahq5hc4g8hg99vajx6p1gw7sqhm7-glibc-2.34-210/lib' '-L/nix/store/9rg21b5cphwfs7dn4vh28xi5mxkppzqy-gcc-11.3.0-lib/lib' '-mtune=generic' '-march=x86-64' '-fcommon' '-dumpdir' 'cmTC_eb6d1.']
  link line: [ /nix/store/zg9fzn6m0480xqr2mx5ynqkziribycgv-gcc-11.3.0/libexec/gcc/x86_64-unknown-linux-gnu/11.3.0/collect2 -plugin /nix/store/zg9fzn6m0480xqr2mx5ynqkziribycgv-gcc-11.3.0/libexec/gcc/x86_64-unknown-linux-gnu/11.3.0/liblto_plugin.so -plugin-opt=/nix/store/zg9fzn6m0480xqr2mx5ynqkziribycgv-gcc-11.3.0/libexec/gcc/x86_64-unknown-linux-gnu/11.3.0/lto-wrapper -plugin-opt=-fresolution=/tmp/nix-shell.OxuV0b/ccIODmp9.res -plugin-opt=-pass-through=-lgcc -plugin-opt=-pass-through=-lgcc_s -plugin-opt=-pass-through=-lc -plugin-opt=-pass-through=-lgcc -plugin-opt=-pass-through=-lgcc_s --eh-frame-hdr -m elf_x86_64 -export-dynamic -dynamic-linker /nix/store/cynvahq5hc4g8hg99vajx6p1gw7sqhm7-glibc-2.34-210/lib64/ld-linux-x86-64.so.2 -o cmTC_eb6d1 /nix/store/cynvahq5hc4g8hg99vajx6p1gw7sqhm7-glibc-2.34-210/lib/crt1.o /nix/store/cynvahq5hc4g8hg99vajx6p1gw7sqhm7-glibc-2.34-210/lib/crti.o /nix/store/zg9fzn6m0480xqr2mx5ynqkziribycgv-gcc-11.3.0/lib/gcc/x86_64-unknown-linux-gnu/11.3.0/crtbegin.o -L/nix/store/cynvahq5hc4g8hg99vajx6p1gw7sqhm7-glibc-2.34-210/lib -L/nix/store/9rg21b5cphwfs7dn4vh28xi5mxkppzqy-gcc-11.3.0-lib/lib -L/nix/store/cynvahq5hc4g8hg99vajx6p1gw7sqhm7-glibc-2.34-210/lib -L/nix/store/9rg21b5cphwfs7dn4vh28xi5mxkppzqy-gcc-11.3.0-lib/lib -L/nix/store/lsyzzki1iv9gwk4vdss7i1cjxrnxling-gcc-wrapper-11.3.0/bin -L/nix/store/zg9fzn6m0480xqr2mx5ynqkziribycgv-gcc-11.3.0/lib/gcc/x86_64-unknown-linux-gnu/11.3.0 -L/nix/store/zg9fzn6m0480xqr2mx5ynqkziribycgv-gcc-11.3.0/lib/gcc/x86_64-unknown-linux-gnu/11.3.0/../../../../lib64 -L/nix/store/zg9fzn6m0480xqr2mx5ynqkziribycgv-gcc-11.3.0/lib/gcc/x86_64-unknown-linux-gnu/11.3.0/../../.. -dynamic-linker=/nix/store/cynvahq5hc4g8hg99vajx6p1gw7sqhm7-glibc-2.34-210/lib/ld-linux-x86-64.so.2 CMakeFiles/cmTC_eb6d1.dir/CMakeCCompilerABI.c.o -rpath /home/auros/gits/programming/cpp/projects/cmakeex/ex3/outputs/out/lib64 -rpath /home/auros/gits/programming/cpp/projects/cmakeex/ex3/outputs/out/lib -lgcc --push-state --as-needed -lgcc_s --pop-state -lc -lgcc --push-state --as-needed -lgcc_s --pop-state /nix/store/zg9fzn6m0480xqr2mx5ynqkziribycgv-gcc-11.3.0/lib/gcc/x86_64-unknown-linux-gnu/11.3.0/crtend.o /nix/store/cynvahq5hc4g8hg99vajx6p1gw7sqhm7-glibc-2.34-210/lib/crtn.o]
    arg [/nix/store/zg9fzn6m0480xqr2mx5ynqkziribycgv-gcc-11.3.0/libexec/gcc/x86_64-unknown-linux-gnu/11.3.0/collect2] ==> ignore
    arg [-plugin] ==> ignore
    arg [/nix/store/zg9fzn6m0480xqr2mx5ynqkziribycgv-gcc-11.3.0/libexec/gcc/x86_64-unknown-linux-gnu/11.3.0/liblto_plugin.so] ==> ignore
    arg [-plugin-opt=/nix/store/zg9fzn6m0480xqr2mx5ynqkziribycgv-gcc-11.3.0/libexec/gcc/x86_64-unknown-linux-gnu/11.3.0/lto-wrapper] ==> ignore
    arg [-plugin-opt=-fresolution=/tmp/nix-shell.OxuV0b/ccIODmp9.res] ==> ignore
    arg [-plugin-opt=-pass-through=-lgcc] ==> ignore
    arg [-plugin-opt=-pass-through=-lgcc_s] ==> ignore
    arg [-plugin-opt=-pass-through=-lc] ==> ignore
    arg [-plugin-opt=-pass-through=-lgcc] ==> ignore
    arg [-plugin-opt=-pass-through=-lgcc_s] ==> ignore
    arg [--eh-frame-hdr] ==> ignore
    arg [-m] ==> ignore
    arg [elf_x86_64] ==> ignore
    arg [-export-dynamic] ==> ignore
    arg [-dynamic-linker] ==> ignore
    arg [/nix/store/cynvahq5hc4g8hg99vajx6p1gw7sqhm7-glibc-2.34-210/lib64/ld-linux-x86-64.so.2] ==> ignore
    arg [-o] ==> ignore
    arg [cmTC_eb6d1] ==> ignore
    arg [/nix/store/cynvahq5hc4g8hg99vajx6p1gw7sqhm7-glibc-2.34-210/lib/crt1.o] ==> obj [/nix/store/cynvahq5hc4g8hg99vajx6p1gw7sqhm7-glibc-2.34-210/lib/crt1.o]
    arg [/nix/store/cynvahq5hc4g8hg99vajx6p1gw7sqhm7-glibc-2.34-210/lib/crti.o] ==> obj [/nix/store/cynvahq5hc4g8hg99vajx6p1gw7sqhm7-glibc-2.34-210/lib/crti.o]
    arg [/nix/store/zg9fzn6m0480xqr2mx5ynqkziribycgv-gcc-11.3.0/lib/gcc/x86_64-unknown-linux-gnu/11.3.0/crtbegin.o] ==> obj [/nix/store/zg9fzn6m0480xqr2mx5ynqkziribycgv-gcc-11.3.0/lib/gcc/x86_64-unknown-linux-gnu/11.3.0/crtbegin.o]
    arg [-L/nix/store/cynvahq5hc4g8hg99vajx6p1gw7sqhm7-glibc-2.34-210/lib] ==> dir [/nix/store/cynvahq5hc4g8hg99vajx6p1gw7sqhm7-glibc-2.34-210/lib]
    arg [-L/nix/store/9rg21b5cphwfs7dn4vh28xi5mxkppzqy-gcc-11.3.0-lib/lib] ==> dir [/nix/store/9rg21b5cphwfs7dn4vh28xi5mxkppzqy-gcc-11.3.0-lib/lib]
    arg [-L/nix/store/cynvahq5hc4g8hg99vajx6p1gw7sqhm7-glibc-2.34-210/lib] ==> dir [/nix/store/cynvahq5hc4g8hg99vajx6p1gw7sqhm7-glibc-2.34-210/lib]
    arg [-L/nix/store/9rg21b5cphwfs7dn4vh28xi5mxkppzqy-gcc-11.3.0-lib/lib] ==> dir [/nix/store/9rg21b5cphwfs7dn4vh28xi5mxkppzqy-gcc-11.3.0-lib/lib]
    arg [-L/nix/store/lsyzzki1iv9gwk4vdss7i1cjxrnxling-gcc-wrapper-11.3.0/bin] ==> dir [/nix/store/lsyzzki1iv9gwk4vdss7i1cjxrnxling-gcc-wrapper-11.3.0/bin]
    arg [-L/nix/store/zg9fzn6m0480xqr2mx5ynqkziribycgv-gcc-11.3.0/lib/gcc/x86_64-unknown-linux-gnu/11.3.0] ==> dir [/nix/store/zg9fzn6m0480xqr2mx5ynqkziribycgv-gcc-11.3.0/lib/gcc/x86_64-unknown-linux-gnu/11.3.0]
    arg [-L/nix/store/zg9fzn6m0480xqr2mx5ynqkziribycgv-gcc-11.3.0/lib/gcc/x86_64-unknown-linux-gnu/11.3.0/../../../../lib64] ==> dir [/nix/store/zg9fzn6m0480xqr2mx5ynqkziribycgv-gcc-11.3.0/lib/gcc/x86_64-unknown-linux-gnu/11.3.0/../../../../lib64]
    arg [-L/nix/store/zg9fzn6m0480xqr2mx5ynqkziribycgv-gcc-11.3.0/lib/gcc/x86_64-unknown-linux-gnu/11.3.0/../../..] ==> dir [/nix/store/zg9fzn6m0480xqr2mx5ynqkziribycgv-gcc-11.3.0/lib/gcc/x86_64-unknown-linux-gnu/11.3.0/../../..]
    arg [-dynamic-linker=/nix/store/cynvahq5hc4g8hg99vajx6p1gw7sqhm7-glibc-2.34-210/lib/ld-linux-x86-64.so.2] ==> ignore
    arg [CMakeFiles/cmTC_eb6d1.dir/CMakeCCompilerABI.c.o] ==> ignore
    arg [-rpath] ==> ignore
    arg [/home/auros/gits/programming/cpp/projects/cmakeex/ex3/outputs/out/lib64] ==> ignore
    arg [-rpath] ==> ignore
    arg [/home/auros/gits/programming/cpp/projects/cmakeex/ex3/outputs/out/lib] ==> ignore
    arg [-lgcc] ==> lib [gcc]
    arg [--push-state] ==> ignore
    arg [--as-needed] ==> ignore
    arg [-lgcc_s] ==> lib [gcc_s]
    arg [--pop-state] ==> ignore
    arg [-lc] ==> lib [c]
    arg [-lgcc] ==> lib [gcc]
    arg [--push-state] ==> ignore
    arg [--as-needed] ==> ignore
    arg [-lgcc_s] ==> lib [gcc_s]
    arg [--pop-state] ==> ignore
    arg [/nix/store/zg9fzn6m0480xqr2mx5ynqkziribycgv-gcc-11.3.0/lib/gcc/x86_64-unknown-linux-gnu/11.3.0/crtend.o] ==> obj [/nix/store/zg9fzn6m0480xqr2mx5ynqkziribycgv-gcc-11.3.0/lib/gcc/x86_64-unknown-linux-gnu/11.3.0/crtend.o]
    arg [/nix/store/cynvahq5hc4g8hg99vajx6p1gw7sqhm7-glibc-2.34-210/lib/crtn.o] ==> obj [/nix/store/cynvahq5hc4g8hg99vajx6p1gw7sqhm7-glibc-2.34-210/lib/crtn.o]
  collapse library dir [/nix/store/cynvahq5hc4g8hg99vajx6p1gw7sqhm7-glibc-2.34-210/lib] ==> [/nix/store/cynvahq5hc4g8hg99vajx6p1gw7sqhm7-glibc-2.34-210/lib]
  collapse library dir [/nix/store/9rg21b5cphwfs7dn4vh28xi5mxkppzqy-gcc-11.3.0-lib/lib] ==> [/nix/store/9rg21b5cphwfs7dn4vh28xi5mxkppzqy-gcc-11.3.0-lib/lib]
  collapse library dir [/nix/store/cynvahq5hc4g8hg99vajx6p1gw7sqhm7-glibc-2.34-210/lib] ==> [/nix/store/cynvahq5hc4g8hg99vajx6p1gw7sqhm7-glibc-2.34-210/lib]
  collapse library dir [/nix/store/9rg21b5cphwfs7dn4vh28xi5mxkppzqy-gcc-11.3.0-lib/lib] ==> [/nix/store/9rg21b5cphwfs7dn4vh28xi5mxkppzqy-gcc-11.3.0-lib/lib]
  collapse library dir [/nix/store/lsyzzki1iv9gwk4vdss7i1cjxrnxling-gcc-wrapper-11.3.0/bin] ==> [/nix/store/lsyzzki1iv9gwk4vdss7i1cjxrnxling-gcc-wrapper-11.3.0/bin]
  collapse library dir [/nix/store/zg9fzn6m0480xqr2mx5ynqkziribycgv-gcc-11.3.0/lib/gcc/x86_64-unknown-linux-gnu/11.3.0] ==> [/nix/store/zg9fzn6m0480xqr2mx5ynqkziribycgv-gcc-11.3.0/lib/gcc/x86_64-unknown-linux-gnu/11.3.0]
  collapse library dir [/nix/store/zg9fzn6m0480xqr2mx5ynqkziribycgv-gcc-11.3.0/lib/gcc/x86_64-unknown-linux-gnu/11.3.0/../../../../lib64] ==> [/nix/store/zg9fzn6m0480xqr2mx5ynqkziribycgv-gcc-11.3.0/lib64]
  collapse library dir [/nix/store/zg9fzn6m0480xqr2mx5ynqkziribycgv-gcc-11.3.0/lib/gcc/x86_64-unknown-linux-gnu/11.3.0/../../..] ==> [/nix/store/zg9fzn6m0480xqr2mx5ynqkziribycgv-gcc-11.3.0/lib]
  implicit libs: [gcc;gcc_s;c;gcc;gcc_s]
  implicit objs: [/nix/store/cynvahq5hc4g8hg99vajx6p1gw7sqhm7-glibc-2.34-210/lib/crt1.o;/nix/store/cynvahq5hc4g8hg99vajx6p1gw7sqhm7-glibc-2.34-210/lib/crti.o;/nix/store/zg9fzn6m0480xqr2mx5ynqkziribycgv-gcc-11.3.0/lib/gcc/x86_64-unknown-linux-gnu/11.3.0/crtbegin.o;/nix/store/zg9fzn6m0480xqr2mx5ynqkziribycgv-gcc-11.3.0/lib/gcc/x86_64-unknown-linux-gnu/11.3.0/crtend.o;/nix/store/cynvahq5hc4g8hg99vajx6p1gw7sqhm7-glibc-2.34-210/lib/crtn.o]
  implicit dirs: [/nix/store/cynvahq5hc4g8hg99vajx6p1gw7sqhm7-glibc-2.34-210/lib;/nix/store/9rg21b5cphwfs7dn4vh28xi5mxkppzqy-gcc-11.3.0-lib/lib;/nix/store/lsyzzki1iv9gwk4vdss7i1cjxrnxling-gcc-wrapper-11.3.0/bin;/nix/store/zg9fzn6m0480xqr2mx5ynqkziribycgv-gcc-11.3.0/lib/gcc/x86_64-unknown-linux-gnu/11.3.0;/nix/store/zg9fzn6m0480xqr2mx5ynqkziribycgv-gcc-11.3.0/lib64;/nix/store/zg9fzn6m0480xqr2mx5ynqkziribycgv-gcc-11.3.0/lib]
  implicit fwks: []


Detecting CXX compiler ABI info compiled with the following output:
Change Dir: /home/auros/gits/programming/cpp/projects/cmakeex/ex3/build/CMakeFiles/CMakeTmp

Run Build Command(s):/nix/store/w4mvsn06dwj8psl85b49m5fn2wrnsy13-gnumake-4.3/bin/make -f Makefile cmTC_79f77/fast && /nix/store/w4mvsn06dwj8psl85b49m5fn2wrnsy13-gnumake-4.3/bin/make  -f CMakeFiles/cmTC_79f77.dir/build.make CMakeFiles/cmTC_79f77.dir/build
make[1]: Entering directory '/home/auros/gits/programming/cpp/projects/cmakeex/ex3/build/CMakeFiles/CMakeTmp'
Building CXX object CMakeFiles/cmTC_79f77.dir/CMakeCXXCompilerABI.cpp.o
/nix/store/lsyzzki1iv9gwk4vdss7i1cjxrnxling-gcc-wrapper-11.3.0/bin/g++   -v -o CMakeFiles/cmTC_79f77.dir/CMakeCXXCompilerABI.cpp.o -c /nix/store/k7lm30wld0jhdks4maz47v7ak8ydv2g6-cmake-3.22.3/share/cmake-3.22/Modules/CMakeCXXCompilerABI.cpp
Using built-in specs.
COLLECT_GCC=/nix/store/zg9fzn6m0480xqr2mx5ynqkziribycgv-gcc-11.3.0/bin/g++
Target: x86_64-unknown-linux-gnu
Configured with: 
Thread model: posix
Supported LTO compression algorithms: zlib
gcc version 11.3.0 (GCC) 
COLLECT_GCC_OPTIONS='-fPIC' '-Wformat=1' '-Wformat-security' '-Werror=format-security' '-fstack-protector-strong' '--param=ssp-buffer-size=4' '-O2' '-D' '_FORTIFY_SOURCE=2' '-fno-strict-overflow' '-v' '-o' 'CMakeFiles/cmTC_79f77.dir/CMakeCXXCompilerABI.cpp.o' '-c' '-B' '/nix/store/cynvahq5hc4g8hg99vajx6p1gw7sqhm7-glibc-2.34-210/lib/' '-idirafter' '/nix/store/ab85b675p235dncb1s6hsb9pcckyxafj-glibc-2.34-210-dev/include' '-idirafter' '/nix/store/zg9fzn6m0480xqr2mx5ynqkziribycgv-gcc-11.3.0/lib/gcc/x86_64-unknown-linux-gnu/11.3.0/include-fixed' '-B' '/nix/store/9rg21b5cphwfs7dn4vh28xi5mxkppzqy-gcc-11.3.0-lib/lib' '-B' '/nix/store/lsyzzki1iv9gwk4vdss7i1cjxrnxling-gcc-wrapper-11.3.0/bin/' '-frandom-seed=v5gn4z33g0' '-shared-libgcc' '-mtune=generic' '-march=x86-64' '-fcommon' '-dumpdir' 'CMakeFiles/cmTC_79f77.dir/'
 /nix/store/zg9fzn6m0480xqr2mx5ynqkziribycgv-gcc-11.3.0/libexec/gcc/x86_64-unknown-linux-gnu/11.3.0/cc1plus -quiet -v -D_GNU_SOURCE -D _FORTIFY_SOURCE=2 -idirafter /nix/store/ab85b675p235dncb1s6hsb9pcckyxafj-glibc-2.34-210-dev/include -idirafter /nix/store/zg9fzn6m0480xqr2mx5ynqkziribycgv-gcc-11.3.0/lib/gcc/x86_64-unknown-linux-gnu/11.3.0/include-fixed /nix/store/k7lm30wld0jhdks4maz47v7ak8ydv2g6-cmake-3.22.3/share/cmake-3.22/Modules/CMakeCXXCompilerABI.cpp -quiet -dumpdir CMakeFiles/cmTC_79f77.dir/ -dumpbase CMakeCXXCompilerABI.cpp.cpp -dumpbase-ext .cpp -mtune=generic -march=x86-64 -O2 -Wformat=1 -Wformat-security -Werror=format-security -version -fPIC -fstack-protector-strong -fno-strict-overflow -frandom-seed=v5gn4z33g0 -fcommon --param=ssp-buffer-size=4 -o /tmp/nix-shell.OxuV0b/cckNilSU.s
GNU C++17 (GCC) version 11.3.0 (x86_64-unknown-linux-gnu)
	compiled by GNU C version 11.3.0, GMP version 6.2.1, MPFR version 4.1.0, MPC version 1.2.1, isl version isl-0.20-GMP

GGC heuristics: --param ggc-min-expand=100 --param ggc-min-heapsize=131072
ignoring nonexistent directory "/nix/store/zg9fzn6m0480xqr2mx5ynqkziribycgv-gcc-11.3.0/lib/gcc/x86_64-unknown-linux-gnu/11.3.0/../../../../x86_64-unknown-linux-gnu/include"
ignoring duplicate directory "/nix/store/ab85b675p235dncb1s6hsb9pcckyxafj-glibc-2.34-210-dev/include"
ignoring duplicate directory "/nix/store/zg9fzn6m0480xqr2mx5ynqkziribycgv-gcc-11.3.0/lib/gcc/x86_64-unknown-linux-gnu/11.3.0/include-fixed"
#include "..." search starts here:
#include <...> search starts here:
 /nix/store/zg9fzn6m0480xqr2mx5ynqkziribycgv-gcc-11.3.0/lib/gcc/x86_64-unknown-linux-gnu/11.3.0/../../../../include/c++/11.3.0
 /nix/store/zg9fzn6m0480xqr2mx5ynqkziribycgv-gcc-11.3.0/lib/gcc/x86_64-unknown-linux-gnu/11.3.0/../../../../include/c++/11.3.0/x86_64-unknown-linux-gnu
 /nix/store/zg9fzn6m0480xqr2mx5ynqkziribycgv-gcc-11.3.0/lib/gcc/x86_64-unknown-linux-gnu/11.3.0/../../../../include/c++/11.3.0/backward
 /nix/store/zg9fzn6m0480xqr2mx5ynqkziribycgv-gcc-11.3.0/lib/gcc/x86_64-unknown-linux-gnu/11.3.0/include
 /nix/store/zg9fzn6m0480xqr2mx5ynqkziribycgv-gcc-11.3.0/include
 /nix/store/zg9fzn6m0480xqr2mx5ynqkziribycgv-gcc-11.3.0/lib/gcc/x86_64-unknown-linux-gnu/11.3.0/include-fixed
 /nix/store/ab85b675p235dncb1s6hsb9pcckyxafj-glibc-2.34-210-dev/include
End of search list.
GNU C++17 (GCC) version 11.3.0 (x86_64-unknown-linux-gnu)
	compiled by GNU C version 11.3.0, GMP version 6.2.1, MPFR version 4.1.0, MPC version 1.2.1, isl version isl-0.20-GMP

GGC heuristics: --param ggc-min-expand=100 --param ggc-min-heapsize=131072
Compiler executable checksum: 69ad1d2094185323efa524bee8686cfd
COLLECT_GCC_OPTIONS='-fPIC' '-Wformat=1' '-Wformat-security' '-Werror=format-security' '-fstack-protector-strong' '--param=ssp-buffer-size=4' '-O2' '-D' '_FORTIFY_SOURCE=2' '-fno-strict-overflow' '-v' '-o' 'CMakeFiles/cmTC_79f77.dir/CMakeCXXCompilerABI.cpp.o' '-c' '-B' '/nix/store/cynvahq5hc4g8hg99vajx6p1gw7sqhm7-glibc-2.34-210/lib/' '-idirafter' '/nix/store/ab85b675p235dncb1s6hsb9pcckyxafj-glibc-2.34-210-dev/include' '-idirafter' '/nix/store/zg9fzn6m0480xqr2mx5ynqkziribycgv-gcc-11.3.0/lib/gcc/x86_64-unknown-linux-gnu/11.3.0/include-fixed' '-B' '/nix/store/9rg21b5cphwfs7dn4vh28xi5mxkppzqy-gcc-11.3.0-lib/lib' '-B' '/nix/store/lsyzzki1iv9gwk4vdss7i1cjxrnxling-gcc-wrapper-11.3.0/bin/' '-frandom-seed=v5gn4z33g0' '-shared-libgcc' '-mtune=generic' '-march=x86-64' '-fcommon' '-dumpdir' 'CMakeFiles/cmTC_79f77.dir/'
 /nix/store/lsyzzki1iv9gwk4vdss7i1cjxrnxling-gcc-wrapper-11.3.0/bin/as -v --64 -o CMakeFiles/cmTC_79f77.dir/CMakeCXXCompilerABI.cpp.o /tmp/nix-shell.OxuV0b/cckNilSU.s
GNU assembler version 2.38 (x86_64-unknown-linux-gnu) using BFD version (GNU Binutils) 2.38
COMPILER_PATH=/nix/store/cynvahq5hc4g8hg99vajx6p1gw7sqhm7-glibc-2.34-210/lib/:/nix/store/9rg21b5cphwfs7dn4vh28xi5mxkppzqy-gcc-11.3.0-lib/lib/:/nix/store/lsyzzki1iv9gwk4vdss7i1cjxrnxling-gcc-wrapper-11.3.0/bin/:/nix/store/zg9fzn6m0480xqr2mx5ynqkziribycgv-gcc-11.3.0/libexec/gcc/x86_64-unknown-linux-gnu/11.3.0/:/nix/store/zg9fzn6m0480xqr2mx5ynqkziribycgv-gcc-11.3.0/libexec/gcc/x86_64-unknown-linux-gnu/11.3.0/:/nix/store/zg9fzn6m0480xqr2mx5ynqkziribycgv-gcc-11.3.0/libexec/gcc/x86_64-unknown-linux-gnu/:/nix/store/zg9fzn6m0480xqr2mx5ynqkziribycgv-gcc-11.3.0/lib/gcc/x86_64-unknown-linux-gnu/11.3.0/:/nix/store/zg9fzn6m0480xqr2mx5ynqkziribycgv-gcc-11.3.0/lib/gcc/x86_64-unknown-linux-gnu/
LIBRARY_PATH=/nix/store/cynvahq5hc4g8hg99vajx6p1gw7sqhm7-glibc-2.34-210/lib/:/nix/store/9rg21b5cphwfs7dn4vh28xi5mxkppzqy-gcc-11.3.0-lib/lib/:/nix/store/lsyzzki1iv9gwk4vdss7i1cjxrnxling-gcc-wrapper-11.3.0/bin/:/nix/store/zg9fzn6m0480xqr2mx5ynqkziribycgv-gcc-11.3.0/lib/gcc/x86_64-unknown-linux-gnu/11.3.0/:/nix/store/zg9fzn6m0480xqr2mx5ynqkziribycgv-gcc-11.3.0/lib/gcc/x86_64-unknown-linux-gnu/11.3.0/../../../../lib64/:/nix/store/zg9fzn6m0480xqr2mx5ynqkziribycgv-gcc-11.3.0/lib/gcc/x86_64-unknown-linux-gnu/11.3.0/../../../
COLLECT_GCC_OPTIONS='-fPIC' '-Wformat=1' '-Wformat-security' '-Werror=format-security' '-fstack-protector-strong' '--param=ssp-buffer-size=4' '-O2' '-D' '_FORTIFY_SOURCE=2' '-fno-strict-overflow' '-v' '-o' 'CMakeFiles/cmTC_79f77.dir/CMakeCXXCompilerABI.cpp.o' '-c' '-B' '/nix/store/cynvahq5hc4g8hg99vajx6p1gw7sqhm7-glibc-2.34-210/lib/' '-idirafter' '/nix/store/ab85b675p235dncb1s6hsb9pcckyxafj-glibc-2.34-210-dev/include' '-idirafter' '/nix/store/zg9fzn6m0480xqr2mx5ynqkziribycgv-gcc-11.3.0/lib/gcc/x86_64-unknown-linux-gnu/11.3.0/include-fixed' '-B' '/nix/store/9rg21b5cphwfs7dn4vh28xi5mxkppzqy-gcc-11.3.0-lib/lib' '-B' '/nix/store/lsyzzki1iv9gwk4vdss7i1cjxrnxling-gcc-wrapper-11.3.0/bin/' '-frandom-seed=v5gn4z33g0' '-shared-libgcc' '-mtune=generic' '-march=x86-64' '-fcommon' '-dumpdir' 'CMakeFiles/cmTC_79f77.dir/CMakeCXXCompilerABI.cpp.'
Linking CXX executable cmTC_79f77
/nix/store/k7lm30wld0jhdks4maz47v7ak8ydv2g6-cmake-3.22.3/bin/cmake -E cmake_link_script CMakeFiles/cmTC_79f77.dir/link.txt --verbose=1
/nix/store/lsyzzki1iv9gwk4vdss7i1cjxrnxling-gcc-wrapper-11.3.0/bin/g++  -v -rdynamic CMakeFiles/cmTC_79f77.dir/CMakeCXXCompilerABI.cpp.o -o cmTC_79f77 
Using built-in specs.
COLLECT_GCC=/nix/store/zg9fzn6m0480xqr2mx5ynqkziribycgv-gcc-11.3.0/bin/g++
COLLECT_LTO_WRAPPER=/nix/store/zg9fzn6m0480xqr2mx5ynqkziribycgv-gcc-11.3.0/libexec/gcc/x86_64-unknown-linux-gnu/11.3.0/lto-wrapper
Target: x86_64-unknown-linux-gnu
Configured with: 
Thread model: posix
Supported LTO compression algorithms: zlib
gcc version 11.3.0 (GCC) 
COMPILER_PATH=/nix/store/cynvahq5hc4g8hg99vajx6p1gw7sqhm7-glibc-2.34-210/lib/:/nix/store/9rg21b5cphwfs7dn4vh28xi5mxkppzqy-gcc-11.3.0-lib/lib/:/nix/store/lsyzzki1iv9gwk4vdss7i1cjxrnxling-gcc-wrapper-11.3.0/bin/:/nix/store/zg9fzn6m0480xqr2mx5ynqkziribycgv-gcc-11.3.0/libexec/gcc/x86_64-unknown-linux-gnu/11.3.0/:/nix/store/zg9fzn6m0480xqr2mx5ynqkziribycgv-gcc-11.3.0/libexec/gcc/x86_64-unknown-linux-gnu/11.3.0/:/nix/store/zg9fzn6m0480xqr2mx5ynqkziribycgv-gcc-11.3.0/libexec/gcc/x86_64-unknown-linux-gnu/:/nix/store/zg9fzn6m0480xqr2mx5ynqkziribycgv-gcc-11.3.0/lib/gcc/x86_64-unknown-linux-gnu/11.3.0/:/nix/store/zg9fzn6m0480xqr2mx5ynqkziribycgv-gcc-11.3.0/lib/gcc/x86_64-unknown-linux-gnu/
LIBRARY_PATH=/nix/store/cynvahq5hc4g8hg99vajx6p1gw7sqhm7-glibc-2.34-210/lib/:/nix/store/9rg21b5cphwfs7dn4vh28xi5mxkppzqy-gcc-11.3.0-lib/lib/:/nix/store/lsyzzki1iv9gwk4vdss7i1cjxrnxling-gcc-wrapper-11.3.0/bin/:/nix/store/zg9fzn6m0480xqr2mx5ynqkziribycgv-gcc-11.3.0/lib/gcc/x86_64-unknown-linux-gnu/11.3.0/:/nix/store/zg9fzn6m0480xqr2mx5ynqkziribycgv-gcc-11.3.0/lib/gcc/x86_64-unknown-linux-gnu/11.3.0/../../../../lib64/:/nix/store/zg9fzn6m0480xqr2mx5ynqkziribycgv-gcc-11.3.0/lib/gcc/x86_64-unknown-linux-gnu/11.3.0/../../../
COLLECT_GCC_OPTIONS='-fPIC' '-Wformat=1' '-Wformat-security' '-Werror=format-security' '-fstack-protector-strong' '--param=ssp-buffer-size=4' '-O2' '-D' '_FORTIFY_SOURCE=2' '-fno-strict-overflow' '-v' '-rdynamic' '-o' 'cmTC_79f77' '-B' '/nix/store/cynvahq5hc4g8hg99vajx6p1gw7sqhm7-glibc-2.34-210/lib/' '-idirafter' '/nix/store/ab85b675p235dncb1s6hsb9pcckyxafj-glibc-2.34-210-dev/include' '-idirafter' '/nix/store/zg9fzn6m0480xqr2mx5ynqkziribycgv-gcc-11.3.0/lib/gcc/x86_64-unknown-linux-gnu/11.3.0/include-fixed' '-B' '/nix/store/9rg21b5cphwfs7dn4vh28xi5mxkppzqy-gcc-11.3.0-lib/lib' '-B' '/nix/store/lsyzzki1iv9gwk4vdss7i1cjxrnxling-gcc-wrapper-11.3.0/bin/' '-frandom-seed=v5gn4z33g0' '-L/nix/store/cynvahq5hc4g8hg99vajx6p1gw7sqhm7-glibc-2.34-210/lib' '-L/nix/store/9rg21b5cphwfs7dn4vh28xi5mxkppzqy-gcc-11.3.0-lib/lib' '-shared-libgcc' '-mtune=generic' '-march=x86-64' '-fcommon' '-dumpdir' 'cmTC_79f77.'
 /nix/store/zg9fzn6m0480xqr2mx5ynqkziribycgv-gcc-11.3.0/libexec/gcc/x86_64-unknown-linux-gnu/11.3.0/collect2 -plugin /nix/store/zg9fzn6m0480xqr2mx5ynqkziribycgv-gcc-11.3.0/libexec/gcc/x86_64-unknown-linux-gnu/11.3.0/liblto_plugin.so -plugin-opt=/nix/store/zg9fzn6m0480xqr2mx5ynqkziribycgv-gcc-11.3.0/libexec/gcc/x86_64-unknown-linux-gnu/11.3.0/lto-wrapper -plugin-opt=-fresolution=/tmp/nix-shell.OxuV0b/ccWjwnKP.res -plugin-opt=-pass-through=-lgcc_s -plugin-opt=-pass-through=-lgcc -plugin-opt=-pass-through=-lc -plugin-opt=-pass-through=-lgcc_s -plugin-opt=-pass-through=-lgcc --eh-frame-hdr -m elf_x86_64 -export-dynamic -dynamic-linker /nix/store/cynvahq5hc4g8hg99vajx6p1gw7sqhm7-glibc-2.34-210/lib64/ld-linux-x86-64.so.2 -o cmTC_79f77 /nix/store/cynvahq5hc4g8hg99vajx6p1gw7sqhm7-glibc-2.34-210/lib/crt1.o /nix/store/cynvahq5hc4g8hg99vajx6p1gw7sqhm7-glibc-2.34-210/lib/crti.o /nix/store/zg9fzn6m0480xqr2mx5ynqkziribycgv-gcc-11.3.0/lib/gcc/x86_64-unknown-linux-gnu/11.3.0/crtbegin.o -L/nix/store/cynvahq5hc4g8hg99vajx6p1gw7sqhm7-glibc-2.34-210/lib -L/nix/store/9rg21b5cphwfs7dn4vh28xi5mxkppzqy-gcc-11.3.0-lib/lib -L/nix/store/cynvahq5hc4g8hg99vajx6p1gw7sqhm7-glibc-2.34-210/lib -L/nix/store/9rg21b5cphwfs7dn4vh28xi5mxkppzqy-gcc-11.3.0-lib/lib -L/nix/store/lsyzzki1iv9gwk4vdss7i1cjxrnxling-gcc-wrapper-11.3.0/bin -L/nix/store/zg9fzn6m0480xqr2mx5ynqkziribycgv-gcc-11.3.0/lib/gcc/x86_64-unknown-linux-gnu/11.3.0 -L/nix/store/zg9fzn6m0480xqr2mx5ynqkziribycgv-gcc-11.3.0/lib/gcc/x86_64-unknown-linux-gnu/11.3.0/../../../../lib64 -L/nix/store/zg9fzn6m0480xqr2mx5ynqkziribycgv-gcc-11.3.0/lib/gcc/x86_64-unknown-linux-gnu/11.3.0/../../.. -dynamic-linker=/nix/store/cynvahq5hc4g8hg99vajx6p1gw7sqhm7-glibc-2.34-210/lib/ld-linux-x86-64.so.2 CMakeFiles/cmTC_79f77.dir/CMakeCXXCompilerABI.cpp.o -rpath /home/auros/gits/programming/cpp/projects/cmakeex/ex3/outputs/out/lib64 -rpath /home/auros/gits/programming/cpp/projects/cmakeex/ex3/outputs/out/lib -lstdc++ -lm -lgcc_s -lgcc -lc -lgcc_s -lgcc /nix/store/zg9fzn6m0480xqr2mx5ynqkziribycgv-gcc-11.3.0/lib/gcc/x86_64-unknown-linux-gnu/11.3.0/crtend.o /nix/store/cynvahq5hc4g8hg99vajx6p1gw7sqhm7-glibc-2.34-210/lib/crtn.o
COLLECT_GCC_OPTIONS='-fPIC' '-Wformat=1' '-Wformat-security' '-Werror=format-security' '-fstack-protector-strong' '--param=ssp-buffer-size=4' '-O2' '-D' '_FORTIFY_SOURCE=2' '-fno-strict-overflow' '-v' '-rdynamic' '-o' 'cmTC_79f77' '-B' '/nix/store/cynvahq5hc4g8hg99vajx6p1gw7sqhm7-glibc-2.34-210/lib/' '-idirafter' '/nix/store/ab85b675p235dncb1s6hsb9pcckyxafj-glibc-2.34-210-dev/include' '-idirafter' '/nix/store/zg9fzn6m0480xqr2mx5ynqkziribycgv-gcc-11.3.0/lib/gcc/x86_64-unknown-linux-gnu/11.3.0/include-fixed' '-B' '/nix/store/9rg21b5cphwfs7dn4vh28xi5mxkppzqy-gcc-11.3.0-lib/lib' '-B' '/nix/store/lsyzzki1iv9gwk4vdss7i1cjxrnxling-gcc-wrapper-11.3.0/bin/' '-frandom-seed=v5gn4z33g0' '-L/nix/store/cynvahq5hc4g8hg99vajx6p1gw7sqhm7-glibc-2.34-210/lib' '-L/nix/store/9rg21b5cphwfs7dn4vh28xi5mxkppzqy-gcc-11.3.0-lib/lib' '-shared-libgcc' '-mtune=generic' '-march=x86-64' '-fcommon' '-dumpdir' 'cmTC_79f77.'
make[1]: Leaving directory '/home/auros/gits/programming/cpp/projects/cmakeex/ex3/build/CMakeFiles/CMakeTmp'



Parsed CXX implicit include dir info from above output: rv=done
  found start of include info
  found start of implicit include info
    add: [/nix/store/zg9fzn6m0480xqr2mx5ynqkziribycgv-gcc-11.3.0/lib/gcc/x86_64-unknown-linux-gnu/11.3.0/../../../../include/c++/11.3.0]
    add: [/nix/store/zg9fzn6m0480xqr2mx5ynqkziribycgv-gcc-11.3.0/lib/gcc/x86_64-unknown-linux-gnu/11.3.0/../../../../include/c++/11.3.0/x86_64-unknown-linux-gnu]
    add: [/nix/store/zg9fzn6m0480xqr2mx5ynqkziribycgv-gcc-11.3.0/lib/gcc/x86_64-unknown-linux-gnu/11.3.0/../../../../include/c++/11.3.0/backward]
    add: [/nix/store/zg9fzn6m0480xqr2mx5ynqkziribycgv-gcc-11.3.0/lib/gcc/x86_64-unknown-linux-gnu/11.3.0/include]
    add: [/nix/store/zg9fzn6m0480xqr2mx5ynqkziribycgv-gcc-11.3.0/include]
    add: [/nix/store/zg9fzn6m0480xqr2mx5ynqkziribycgv-gcc-11.3.0/lib/gcc/x86_64-unknown-linux-gnu/11.3.0/include-fixed]
    add: [/nix/store/ab85b675p235dncb1s6hsb9pcckyxafj-glibc-2.34-210-dev/include]
  end of search list found
  collapse include dir [/nix/store/zg9fzn6m0480xqr2mx5ynqkziribycgv-gcc-11.3.0/lib/gcc/x86_64-unknown-linux-gnu/11.3.0/../../../../include/c++/11.3.0] ==> [/nix/store/zg9fzn6m0480xqr2mx5ynqkziribycgv-gcc-11.3.0/include/c++/11.3.0]
  collapse include dir [/nix/store/zg9fzn6m0480xqr2mx5ynqkziribycgv-gcc-11.3.0/lib/gcc/x86_64-unknown-linux-gnu/11.3.0/../../../../include/c++/11.3.0/x86_64-unknown-linux-gnu] ==> [/nix/store/zg9fzn6m0480xqr2mx5ynqkziribycgv-gcc-11.3.0/include/c++/11.3.0/x86_64-unknown-linux-gnu]
  collapse include dir [/nix/store/zg9fzn6m0480xqr2mx5ynqkziribycgv-gcc-11.3.0/lib/gcc/x86_64-unknown-linux-gnu/11.3.0/../../../../include/c++/11.3.0/backward] ==> [/nix/store/zg9fzn6m0480xqr2mx5ynqkziribycgv-gcc-11.3.0/include/c++/11.3.0/backward]
  collapse include dir [/nix/store/zg9fzn6m0480xqr2mx5ynqkziribycgv-gcc-11.3.0/lib/gcc/x86_64-unknown-linux-gnu/11.3.0/include] ==> [/nix/store/zg9fzn6m0480xqr2mx5ynqkziribycgv-gcc-11.3.0/lib/gcc/x86_64-unknown-linux-gnu/11.3.0/include]
  collapse include dir [/nix/store/zg9fzn6m0480xqr2mx5ynqkziribycgv-gcc-11.3.0/include] ==> [/nix/store/zg9fzn6m0480xqr2mx5ynqkziribycgv-gcc-11.3.0/include]
  collapse include dir [/nix/store/zg9fzn6m0480xqr2mx5ynqkziribycgv-gcc-11.3.0/lib/gcc/x86_64-unknown-linux-gnu/11.3.0/include-fixed] ==> [/nix/store/zg9fzn6m0480xqr2mx5ynqkziribycgv-gcc-11.3.0/lib/gcc/x86_64-unknown-linux-gnu/11.3.0/include-fixed]
  collapse include dir [/nix/store/ab85b675p235dncb1s6hsb9pcckyxafj-glibc-2.34-210-dev/include] ==> [/nix/store/ab85b675p235dncb1s6hsb9pcckyxafj-glibc-2.34-210-dev/include]
  implicit include dirs: [/nix/store/zg9fzn6m0480xqr2mx5ynqkziribycgv-gcc-11.3.0/include/c++/11.3.0;/nix/store/zg9fzn6m0480xqr2mx5ynqkziribycgv-gcc-11.3.0/include/c++/11.3.0/x86_64-unknown-linux-gnu;/nix/store/zg9fzn6m0480xqr2mx5ynqkziribycgv-gcc-11.3.0/include/c++/11.3.0/backward;/nix/store/zg9fzn6m0480xqr2mx5ynqkziribycgv-gcc-11.3.0/lib/gcc/x86_64-unknown-linux-gnu/11.3.0/include;/nix/store/zg9fzn6m0480xqr2mx5ynqkziribycgv-gcc-11.3.0/include;/nix/store/zg9fzn6m0480xqr2mx5ynqkziribycgv-gcc-11.3.0/lib/gcc/x86_64-unknown-linux-gnu/11.3.0/include-fixed;/nix/store/ab85b675p235dncb1s6hsb9pcckyxafj-glibc-2.34-210-dev/include]


Parsed CXX implicit link information from above output:
  link line regex: [^( *|.*[/\])(ld|CMAKE_LINK_STARTFILE-NOTFOUND|([^/\]+-)?ld|collect2)[^/\]*( |$)]
  ignore line: [Change Dir: /home/auros/gits/programming/cpp/projects/cmakeex/ex3/build/CMakeFiles/CMakeTmp]
  ignore line: []
  ignore line: [Run Build Command(s):/nix/store/w4mvsn06dwj8psl85b49m5fn2wrnsy13-gnumake-4.3/bin/make -f Makefile cmTC_79f77/fast && /nix/store/w4mvsn06dwj8psl85b49m5fn2wrnsy13-gnumake-4.3/bin/make  -f CMakeFiles/cmTC_79f77.dir/build.make CMakeFiles/cmTC_79f77.dir/build]
  ignore line: [make[1]: Entering directory '/home/auros/gits/programming/cpp/projects/cmakeex/ex3/build/CMakeFiles/CMakeTmp']
  ignore line: [Building CXX object CMakeFiles/cmTC_79f77.dir/CMakeCXXCompilerABI.cpp.o]
  ignore line: [/nix/store/lsyzzki1iv9gwk4vdss7i1cjxrnxling-gcc-wrapper-11.3.0/bin/g++   -v -o CMakeFiles/cmTC_79f77.dir/CMakeCXXCompilerABI.cpp.o -c /nix/store/k7lm30wld0jhdks4maz47v7ak8ydv2g6-cmake-3.22.3/share/cmake-3.22/Modules/CMakeCXXCompilerABI.cpp]
  ignore line: [Using built-in specs.]
  ignore line: [COLLECT_GCC=/nix/store/zg9fzn6m0480xqr2mx5ynqkziribycgv-gcc-11.3.0/bin/g++]
  ignore line: [Target: x86_64-unknown-linux-gnu]
  ignore line: [Configured with: ]
  ignore line: [Thread model: posix]
  ignore line: [Supported LTO compression algorithms: zlib]
  ignore line: [gcc version 11.3.0 (GCC) ]
  ignore line: [COLLECT_GCC_OPTIONS='-fPIC' '-Wformat=1' '-Wformat-security' '-Werror=format-security' '-fstack-protector-strong' '--param=ssp-buffer-size=4' '-O2' '-D' '_FORTIFY_SOURCE=2' '-fno-strict-overflow' '-v' '-o' 'CMakeFiles/cmTC_79f77.dir/CMakeCXXCompilerABI.cpp.o' '-c' '-B' '/nix/store/cynvahq5hc4g8hg99vajx6p1gw7sqhm7-glibc-2.34-210/lib/' '-idirafter' '/nix/store/ab85b675p235dncb1s6hsb9pcckyxafj-glibc-2.34-210-dev/include' '-idirafter' '/nix/store/zg9fzn6m0480xqr2mx5ynqkziribycgv-gcc-11.3.0/lib/gcc/x86_64-unknown-linux-gnu/11.3.0/include-fixed' '-B' '/nix/store/9rg21b5cphwfs7dn4vh28xi5mxkppzqy-gcc-11.3.0-lib/lib' '-B' '/nix/store/lsyzzki1iv9gwk4vdss7i1cjxrnxling-gcc-wrapper-11.3.0/bin/' '-frandom-seed=v5gn4z33g0' '-shared-libgcc' '-mtune=generic' '-march=x86-64' '-fcommon' '-dumpdir' 'CMakeFiles/cmTC_79f77.dir/']
  ignore line: [ /nix/store/zg9fzn6m0480xqr2mx5ynqkziribycgv-gcc-11.3.0/libexec/gcc/x86_64-unknown-linux-gnu/11.3.0/cc1plus -quiet -v -D_GNU_SOURCE -D _FORTIFY_SOURCE=2 -idirafter /nix/store/ab85b675p235dncb1s6hsb9pcckyxafj-glibc-2.34-210-dev/include -idirafter /nix/store/zg9fzn6m0480xqr2mx5ynqkziribycgv-gcc-11.3.0/lib/gcc/x86_64-unknown-linux-gnu/11.3.0/include-fixed /nix/store/k7lm30wld0jhdks4maz47v7ak8ydv2g6-cmake-3.22.3/share/cmake-3.22/Modules/CMakeCXXCompilerABI.cpp -quiet -dumpdir CMakeFiles/cmTC_79f77.dir/ -dumpbase CMakeCXXCompilerABI.cpp.cpp -dumpbase-ext .cpp -mtune=generic -march=x86-64 -O2 -Wformat=1 -Wformat-security -Werror=format-security -version -fPIC -fstack-protector-strong -fno-strict-overflow -frandom-seed=v5gn4z33g0 -fcommon --param=ssp-buffer-size=4 -o /tmp/nix-shell.OxuV0b/cckNilSU.s]
  ignore line: [GNU C++17 (GCC) version 11.3.0 (x86_64-unknown-linux-gnu)]
  ignore line: [	compiled by GNU C version 11.3.0  GMP version 6.2.1  MPFR version 4.1.0  MPC version 1.2.1  isl version isl-0.20-GMP]
  ignore line: []
  ignore line: [GGC heuristics: --param ggc-min-expand=100 --param ggc-min-heapsize=131072]
  ignore line: [ignoring nonexistent directory "/nix/store/zg9fzn6m0480xqr2mx5ynqkziribycgv-gcc-11.3.0/lib/gcc/x86_64-unknown-linux-gnu/11.3.0/../../../../x86_64-unknown-linux-gnu/include"]
  ignore line: [ignoring duplicate directory "/nix/store/ab85b675p235dncb1s6hsb9pcckyxafj-glibc-2.34-210-dev/include"]
  ignore line: [ignoring duplicate directory "/nix/store/zg9fzn6m0480xqr2mx5ynqkziribycgv-gcc-11.3.0/lib/gcc/x86_64-unknown-linux-gnu/11.3.0/include-fixed"]
  ignore line: [#include "..." search starts here:]
  ignore line: [#include <...> search starts here:]
  ignore line: [ /nix/store/zg9fzn6m0480xqr2mx5ynqkziribycgv-gcc-11.3.0/lib/gcc/x86_64-unknown-linux-gnu/11.3.0/../../../../include/c++/11.3.0]
  ignore line: [ /nix/store/zg9fzn6m0480xqr2mx5ynqkziribycgv-gcc-11.3.0/lib/gcc/x86_64-unknown-linux-gnu/11.3.0/../../../../include/c++/11.3.0/x86_64-unknown-linux-gnu]
  ignore line: [ /nix/store/zg9fzn6m0480xqr2mx5ynqkziribycgv-gcc-11.3.0/lib/gcc/x86_64-unknown-linux-gnu/11.3.0/../../../../include/c++/11.3.0/backward]
  ignore line: [ /nix/store/zg9fzn6m0480xqr2mx5ynqkziribycgv-gcc-11.3.0/lib/gcc/x86_64-unknown-linux-gnu/11.3.0/include]
  ignore line: [ /nix/store/zg9fzn6m0480xqr2mx5ynqkziribycgv-gcc-11.3.0/include]
  ignore line: [ /nix/store/zg9fzn6m0480xqr2mx5ynqkziribycgv-gcc-11.3.0/lib/gcc/x86_64-unknown-linux-gnu/11.3.0/include-fixed]
  ignore line: [ /nix/store/ab85b675p235dncb1s6hsb9pcckyxafj-glibc-2.34-210-dev/include]
  ignore line: [End of search list.]
  ignore line: [GNU C++17 (GCC) version 11.3.0 (x86_64-unknown-linux-gnu)]
  ignore line: [	compiled by GNU C version 11.3.0  GMP version 6.2.1  MPFR version 4.1.0  MPC version 1.2.1  isl version isl-0.20-GMP]
  ignore line: []
  ignore line: [GGC heuristics: --param ggc-min-expand=100 --param ggc-min-heapsize=131072]
  ignore line: [Compiler executable checksum: 69ad1d2094185323efa524bee8686cfd]
  ignore line: [COLLECT_GCC_OPTIONS='-fPIC' '-Wformat=1' '-Wformat-security' '-Werror=format-security' '-fstack-protector-strong' '--param=ssp-buffer-size=4' '-O2' '-D' '_FORTIFY_SOURCE=2' '-fno-strict-overflow' '-v' '-o' 'CMakeFiles/cmTC_79f77.dir/CMakeCXXCompilerABI.cpp.o' '-c' '-B' '/nix/store/cynvahq5hc4g8hg99vajx6p1gw7sqhm7-glibc-2.34-210/lib/' '-idirafter' '/nix/store/ab85b675p235dncb1s6hsb9pcckyxafj-glibc-2.34-210-dev/include' '-idirafter' '/nix/store/zg9fzn6m0480xqr2mx5ynqkziribycgv-gcc-11.3.0/lib/gcc/x86_64-unknown-linux-gnu/11.3.0/include-fixed' '-B' '/nix/store/9rg21b5cphwfs7dn4vh28xi5mxkppzqy-gcc-11.3.0-lib/lib' '-B' '/nix/store/lsyzzki1iv9gwk4vdss7i1cjxrnxling-gcc-wrapper-11.3.0/bin/' '-frandom-seed=v5gn4z33g0' '-shared-libgcc' '-mtune=generic' '-march=x86-64' '-fcommon' '-dumpdir' 'CMakeFiles/cmTC_79f77.dir/']
  ignore line: [ /nix/store/lsyzzki1iv9gwk4vdss7i1cjxrnxling-gcc-wrapper-11.3.0/bin/as -v --64 -o CMakeFiles/cmTC_79f77.dir/CMakeCXXCompilerABI.cpp.o /tmp/nix-shell.OxuV0b/cckNilSU.s]
  ignore line: [GNU assembler version 2.38 (x86_64-unknown-linux-gnu) using BFD version (GNU Binutils) 2.38]
  ignore line: [COMPILER_PATH=/nix/store/cynvahq5hc4g8hg99vajx6p1gw7sqhm7-glibc-2.34-210/lib/:/nix/store/9rg21b5cphwfs7dn4vh28xi5mxkppzqy-gcc-11.3.0-lib/lib/:/nix/store/lsyzzki1iv9gwk4vdss7i1cjxrnxling-gcc-wrapper-11.3.0/bin/:/nix/store/zg9fzn6m0480xqr2mx5ynqkziribycgv-gcc-11.3.0/libexec/gcc/x86_64-unknown-linux-gnu/11.3.0/:/nix/store/zg9fzn6m0480xqr2mx5ynqkziribycgv-gcc-11.3.0/libexec/gcc/x86_64-unknown-linux-gnu/11.3.0/:/nix/store/zg9fzn6m0480xqr2mx5ynqkziribycgv-gcc-11.3.0/libexec/gcc/x86_64-unknown-linux-gnu/:/nix/store/zg9fzn6m0480xqr2mx5ynqkziribycgv-gcc-11.3.0/lib/gcc/x86_64-unknown-linux-gnu/11.3.0/:/nix/store/zg9fzn6m0480xqr2mx5ynqkziribycgv-gcc-11.3.0/lib/gcc/x86_64-unknown-linux-gnu/]
  ignore line: [LIBRARY_PATH=/nix/store/cynvahq5hc4g8hg99vajx6p1gw7sqhm7-glibc-2.34-210/lib/:/nix/store/9rg21b5cphwfs7dn4vh28xi5mxkppzqy-gcc-11.3.0-lib/lib/:/nix/store/lsyzzki1iv9gwk4vdss7i1cjxrnxling-gcc-wrapper-11.3.0/bin/:/nix/store/zg9fzn6m0480xqr2mx5ynqkziribycgv-gcc-11.3.0/lib/gcc/x86_64-unknown-linux-gnu/11.3.0/:/nix/store/zg9fzn6m0480xqr2mx5ynqkziribycgv-gcc-11.3.0/lib/gcc/x86_64-unknown-linux-gnu/11.3.0/../../../../lib64/:/nix/store/zg9fzn6m0480xqr2mx5ynqkziribycgv-gcc-11.3.0/lib/gcc/x86_64-unknown-linux-gnu/11.3.0/../../../]
  ignore line: [COLLECT_GCC_OPTIONS='-fPIC' '-Wformat=1' '-Wformat-security' '-Werror=format-security' '-fstack-protector-strong' '--param=ssp-buffer-size=4' '-O2' '-D' '_FORTIFY_SOURCE=2' '-fno-strict-overflow' '-v' '-o' 'CMakeFiles/cmTC_79f77.dir/CMakeCXXCompilerABI.cpp.o' '-c' '-B' '/nix/store/cynvahq5hc4g8hg99vajx6p1gw7sqhm7-glibc-2.34-210/lib/' '-idirafter' '/nix/store/ab85b675p235dncb1s6hsb9pcckyxafj-glibc-2.34-210-dev/include' '-idirafter' '/nix/store/zg9fzn6m0480xqr2mx5ynqkziribycgv-gcc-11.3.0/lib/gcc/x86_64-unknown-linux-gnu/11.3.0/include-fixed' '-B' '/nix/store/9rg21b5cphwfs7dn4vh28xi5mxkppzqy-gcc-11.3.0-lib/lib' '-B' '/nix/store/lsyzzki1iv9gwk4vdss7i1cjxrnxling-gcc-wrapper-11.3.0/bin/' '-frandom-seed=v5gn4z33g0' '-shared-libgcc' '-mtune=generic' '-march=x86-64' '-fcommon' '-dumpdir' 'CMakeFiles/cmTC_79f77.dir/CMakeCXXCompilerABI.cpp.']
  ignore line: [Linking CXX executable cmTC_79f77]
  ignore line: [/nix/store/k7lm30wld0jhdks4maz47v7ak8ydv2g6-cmake-3.22.3/bin/cmake -E cmake_link_script CMakeFiles/cmTC_79f77.dir/link.txt --verbose=1]
  ignore line: [/nix/store/lsyzzki1iv9gwk4vdss7i1cjxrnxling-gcc-wrapper-11.3.0/bin/g++  -v -rdynamic CMakeFiles/cmTC_79f77.dir/CMakeCXXCompilerABI.cpp.o -o cmTC_79f77 ]
  ignore line: [Using built-in specs.]
  ignore line: [COLLECT_GCC=/nix/store/zg9fzn6m0480xqr2mx5ynqkziribycgv-gcc-11.3.0/bin/g++]
  ignore line: [COLLECT_LTO_WRAPPER=/nix/store/zg9fzn6m0480xqr2mx5ynqkziribycgv-gcc-11.3.0/libexec/gcc/x86_64-unknown-linux-gnu/11.3.0/lto-wrapper]
  ignore line: [Target: x86_64-unknown-linux-gnu]
  ignore line: [Configured with: ]
  ignore line: [Thread model: posix]
  ignore line: [Supported LTO compression algorithms: zlib]
  ignore line: [gcc version 11.3.0 (GCC) ]
  ignore line: [COMPILER_PATH=/nix/store/cynvahq5hc4g8hg99vajx6p1gw7sqhm7-glibc-2.34-210/lib/:/nix/store/9rg21b5cphwfs7dn4vh28xi5mxkppzqy-gcc-11.3.0-lib/lib/:/nix/store/lsyzzki1iv9gwk4vdss7i1cjxrnxling-gcc-wrapper-11.3.0/bin/:/nix/store/zg9fzn6m0480xqr2mx5ynqkziribycgv-gcc-11.3.0/libexec/gcc/x86_64-unknown-linux-gnu/11.3.0/:/nix/store/zg9fzn6m0480xqr2mx5ynqkziribycgv-gcc-11.3.0/libexec/gcc/x86_64-unknown-linux-gnu/11.3.0/:/nix/store/zg9fzn6m0480xqr2mx5ynqkziribycgv-gcc-11.3.0/libexec/gcc/x86_64-unknown-linux-gnu/:/nix/store/zg9fzn6m0480xqr2mx5ynqkziribycgv-gcc-11.3.0/lib/gcc/x86_64-unknown-linux-gnu/11.3.0/:/nix/store/zg9fzn6m0480xqr2mx5ynqkziribycgv-gcc-11.3.0/lib/gcc/x86_64-unknown-linux-gnu/]
  ignore line: [LIBRARY_PATH=/nix/store/cynvahq5hc4g8hg99vajx6p1gw7sqhm7-glibc-2.34-210/lib/:/nix/store/9rg21b5cphwfs7dn4vh28xi5mxkppzqy-gcc-11.3.0-lib/lib/:/nix/store/lsyzzki1iv9gwk4vdss7i1cjxrnxling-gcc-wrapper-11.3.0/bin/:/nix/store/zg9fzn6m0480xqr2mx5ynqkziribycgv-gcc-11.3.0/lib/gcc/x86_64-unknown-linux-gnu/11.3.0/:/nix/store/zg9fzn6m0480xqr2mx5ynqkziribycgv-gcc-11.3.0/lib/gcc/x86_64-unknown-linux-gnu/11.3.0/../../../../lib64/:/nix/store/zg9fzn6m0480xqr2mx5ynqkziribycgv-gcc-11.3.0/lib/gcc/x86_64-unknown-linux-gnu/11.3.0/../../../]
  ignore line: [COLLECT_GCC_OPTIONS='-fPIC' '-Wformat=1' '-Wformat-security' '-Werror=format-security' '-fstack-protector-strong' '--param=ssp-buffer-size=4' '-O2' '-D' '_FORTIFY_SOURCE=2' '-fno-strict-overflow' '-v' '-rdynamic' '-o' 'cmTC_79f77' '-B' '/nix/store/cynvahq5hc4g8hg99vajx6p1gw7sqhm7-glibc-2.34-210/lib/' '-idirafter' '/nix/store/ab85b675p235dncb1s6hsb9pcckyxafj-glibc-2.34-210-dev/include' '-idirafter' '/nix/store/zg9fzn6m0480xqr2mx5ynqkziribycgv-gcc-11.3.0/lib/gcc/x86_64-unknown-linux-gnu/11.3.0/include-fixed' '-B' '/nix/store/9rg21b5cphwfs7dn4vh28xi5mxkppzqy-gcc-11.3.0-lib/lib' '-B' '/nix/store/lsyzzki1iv9gwk4vdss7i1cjxrnxling-gcc-wrapper-11.3.0/bin/' '-frandom-seed=v5gn4z33g0' '-L/nix/store/cynvahq5hc4g8hg99vajx6p1gw7sqhm7-glibc-2.34-210/lib' '-L/nix/store/9rg21b5cphwfs7dn4vh28xi5mxkppzqy-gcc-11.3.0-lib/lib' '-shared-libgcc' '-mtune=generic' '-march=x86-64' '-fcommon' '-dumpdir' 'cmTC_79f77.']
  link line: [ /nix/store/zg9fzn6m0480xqr2mx5ynqkziribycgv-gcc-11.3.0/libexec/gcc/x86_64-unknown-linux-gnu/11.3.0/collect2 -plugin /nix/store/zg9fzn6m0480xqr2mx5ynqkziribycgv-gcc-11.3.0/libexec/gcc/x86_64-unknown-linux-gnu/11.3.0/liblto_plugin.so -plugin-opt=/nix/store/zg9fzn6m0480xqr2mx5ynqkziribycgv-gcc-11.3.0/libexec/gcc/x86_64-unknown-linux-gnu/11.3.0/lto-wrapper -plugin-opt=-fresolution=/tmp/nix-shell.OxuV0b/ccWjwnKP.res -plugin-opt=-pass-through=-lgcc_s -plugin-opt=-pass-through=-lgcc -plugin-opt=-pass-through=-lc -plugin-opt=-pass-through=-lgcc_s -plugin-opt=-pass-through=-lgcc --eh-frame-hdr -m elf_x86_64 -export-dynamic -dynamic-linker /nix/store/cynvahq5hc4g8hg99vajx6p1gw7sqhm7-glibc-2.34-210/lib64/ld-linux-x86-64.so.2 -o cmTC_79f77 /nix/store/cynvahq5hc4g8hg99vajx6p1gw7sqhm7-glibc-2.34-210/lib/crt1.o /nix/store/cynvahq5hc4g8hg99vajx6p1gw7sqhm7-glibc-2.34-210/lib/crti.o /nix/store/zg9fzn6m0480xqr2mx5ynqkziribycgv-gcc-11.3.0/lib/gcc/x86_64-unknown-linux-gnu/11.3.0/crtbegin.o -L/nix/store/cynvahq5hc4g8hg99vajx6p1gw7sqhm7-glibc-2.34-210/lib -L/nix/store/9rg21b5cphwfs7dn4vh28xi5mxkppzqy-gcc-11.3.0-lib/lib -L/nix/store/cynvahq5hc4g8hg99vajx6p1gw7sqhm7-glibc-2.34-210/lib -L/nix/store/9rg21b5cphwfs7dn4vh28xi5mxkppzqy-gcc-11.3.0-lib/lib -L/nix/store/lsyzzki1iv9gwk4vdss7i1cjxrnxling-gcc-wrapper-11.3.0/bin -L/nix/store/zg9fzn6m0480xqr2mx5ynqkziribycgv-gcc-11.3.0/lib/gcc/x86_64-unknown-linux-gnu/11.3.0 -L/nix/store/zg9fzn6m0480xqr2mx5ynqkziribycgv-gcc-11.3.0/lib/gcc/x86_64-unknown-linux-gnu/11.3.0/../../../../lib64 -L/nix/store/zg9fzn6m0480xqr2mx5ynqkziribycgv-gcc-11.3.0/lib/gcc/x86_64-unknown-linux-gnu/11.3.0/../../.. -dynamic-linker=/nix/store/cynvahq5hc4g8hg99vajx6p1gw7sqhm7-glibc-2.34-210/lib/ld-linux-x86-64.so.2 CMakeFiles/cmTC_79f77.dir/CMakeCXXCompilerABI.cpp.o -rpath /home/auros/gits/programming/cpp/projects/cmakeex/ex3/outputs/out/lib64 -rpath /home/auros/gits/programming/cpp/projects/cmakeex/ex3/outputs/out/lib -lstdc++ -lm -lgcc_s -lgcc -lc -lgcc_s -lgcc /nix/store/zg9fzn6m0480xqr2mx5ynqkziribycgv-gcc-11.3.0/lib/gcc/x86_64-unknown-linux-gnu/11.3.0/crtend.o /nix/store/cynvahq5hc4g8hg99vajx6p1gw7sqhm7-glibc-2.34-210/lib/crtn.o]
    arg [/nix/store/zg9fzn6m0480xqr2mx5ynqkziribycgv-gcc-11.3.0/libexec/gcc/x86_64-unknown-linux-gnu/11.3.0/collect2] ==> ignore
    arg [-plugin] ==> ignore
    arg [/nix/store/zg9fzn6m0480xqr2mx5ynqkziribycgv-gcc-11.3.0/libexec/gcc/x86_64-unknown-linux-gnu/11.3.0/liblto_plugin.so] ==> ignore
    arg [-plugin-opt=/nix/store/zg9fzn6m0480xqr2mx5ynqkziribycgv-gcc-11.3.0/libexec/gcc/x86_64-unknown-linux-gnu/11.3.0/lto-wrapper] ==> ignore
    arg [-plugin-opt=-fresolution=/tmp/nix-shell.OxuV0b/ccWjwnKP.res] ==> ignore
    arg [-plugin-opt=-pass-through=-lgcc_s] ==> ignore
    arg [-plugin-opt=-pass-through=-lgcc] ==> ignore
    arg [-plugin-opt=-pass-through=-lc] ==> ignore
    arg [-plugin-opt=-pass-through=-lgcc_s] ==> ignore
    arg [-plugin-opt=-pass-through=-lgcc] ==> ignore
    arg [--eh-frame-hdr] ==> ignore
    arg [-m] ==> ignore
    arg [elf_x86_64] ==> ignore
    arg [-export-dynamic] ==> ignore
    arg [-dynamic-linker] ==> ignore
    arg [/nix/store/cynvahq5hc4g8hg99vajx6p1gw7sqhm7-glibc-2.34-210/lib64/ld-linux-x86-64.so.2] ==> ignore
    arg [-o] ==> ignore
    arg [cmTC_79f77] ==> ignore
    arg [/nix/store/cynvahq5hc4g8hg99vajx6p1gw7sqhm7-glibc-2.34-210/lib/crt1.o] ==> obj [/nix/store/cynvahq5hc4g8hg99vajx6p1gw7sqhm7-glibc-2.34-210/lib/crt1.o]
    arg [/nix/store/cynvahq5hc4g8hg99vajx6p1gw7sqhm7-glibc-2.34-210/lib/crti.o] ==> obj [/nix/store/cynvahq5hc4g8hg99vajx6p1gw7sqhm7-glibc-2.34-210/lib/crti.o]
    arg [/nix/store/zg9fzn6m0480xqr2mx5ynqkziribycgv-gcc-11.3.0/lib/gcc/x86_64-unknown-linux-gnu/11.3.0/crtbegin.o] ==> obj [/nix/store/zg9fzn6m0480xqr2mx5ynqkziribycgv-gcc-11.3.0/lib/gcc/x86_64-unknown-linux-gnu/11.3.0/crtbegin.o]
    arg [-L/nix/store/cynvahq5hc4g8hg99vajx6p1gw7sqhm7-glibc-2.34-210/lib] ==> dir [/nix/store/cynvahq5hc4g8hg99vajx6p1gw7sqhm7-glibc-2.34-210/lib]
    arg [-L/nix/store/9rg21b5cphwfs7dn4vh28xi5mxkppzqy-gcc-11.3.0-lib/lib] ==> dir [/nix/store/9rg21b5cphwfs7dn4vh28xi5mxkppzqy-gcc-11.3.0-lib/lib]
    arg [-L/nix/store/cynvahq5hc4g8hg99vajx6p1gw7sqhm7-glibc-2.34-210/lib] ==> dir [/nix/store/cynvahq5hc4g8hg99vajx6p1gw7sqhm7-glibc-2.34-210/lib]
    arg [-L/nix/store/9rg21b5cphwfs7dn4vh28xi5mxkppzqy-gcc-11.3.0-lib/lib] ==> dir [/nix/store/9rg21b5cphwfs7dn4vh28xi5mxkppzqy-gcc-11.3.0-lib/lib]
    arg [-L/nix/store/lsyzzki1iv9gwk4vdss7i1cjxrnxling-gcc-wrapper-11.3.0/bin] ==> dir [/nix/store/lsyzzki1iv9gwk4vdss7i1cjxrnxling-gcc-wrapper-11.3.0/bin]
    arg [-L/nix/store/zg9fzn6m0480xqr2mx5ynqkziribycgv-gcc-11.3.0/lib/gcc/x86_64-unknown-linux-gnu/11.3.0] ==> dir [/nix/store/zg9fzn6m0480xqr2mx5ynqkziribycgv-gcc-11.3.0/lib/gcc/x86_64-unknown-linux-gnu/11.3.0]
    arg [-L/nix/store/zg9fzn6m0480xqr2mx5ynqkziribycgv-gcc-11.3.0/lib/gcc/x86_64-unknown-linux-gnu/11.3.0/../../../../lib64] ==> dir [/nix/store/zg9fzn6m0480xqr2mx5ynqkziribycgv-gcc-11.3.0/lib/gcc/x86_64-unknown-linux-gnu/11.3.0/../../../../lib64]
    arg [-L/nix/store/zg9fzn6m0480xqr2mx5ynqkziribycgv-gcc-11.3.0/lib/gcc/x86_64-unknown-linux-gnu/11.3.0/../../..] ==> dir [/nix/store/zg9fzn6m0480xqr2mx5ynqkziribycgv-gcc-11.3.0/lib/gcc/x86_64-unknown-linux-gnu/11.3.0/../../..]
    arg [-dynamic-linker=/nix/store/cynvahq5hc4g8hg99vajx6p1gw7sqhm7-glibc-2.34-210/lib/ld-linux-x86-64.so.2] ==> ignore
    arg [CMakeFiles/cmTC_79f77.dir/CMakeCXXCompilerABI.cpp.o] ==> ignore
    arg [-rpath] ==> ignore
    arg [/home/auros/gits/programming/cpp/projects/cmakeex/ex3/outputs/out/lib64] ==> ignore
    arg [-rpath] ==> ignore
    arg [/home/auros/gits/programming/cpp/projects/cmakeex/ex3/outputs/out/lib] ==> ignore
    arg [-lstdc++] ==> lib [stdc++]
    arg [-lm] ==> lib [m]
    arg [-lgcc_s] ==> lib [gcc_s]
    arg [-lgcc] ==> lib [gcc]
    arg [-lc] ==> lib [c]
    arg [-lgcc_s] ==> lib [gcc_s]
    arg [-lgcc] ==> lib [gcc]
    arg [/nix/store/zg9fzn6m0480xqr2mx5ynqkziribycgv-gcc-11.3.0/lib/gcc/x86_64-unknown-linux-gnu/11.3.0/crtend.o] ==> obj [/nix/store/zg9fzn6m0480xqr2mx5ynqkziribycgv-gcc-11.3.0/lib/gcc/x86_64-unknown-linux-gnu/11.3.0/crtend.o]
    arg [/nix/store/cynvahq5hc4g8hg99vajx6p1gw7sqhm7-glibc-2.34-210/lib/crtn.o] ==> obj [/nix/store/cynvahq5hc4g8hg99vajx6p1gw7sqhm7-glibc-2.34-210/lib/crtn.o]
  collapse library dir [/nix/store/cynvahq5hc4g8hg99vajx6p1gw7sqhm7-glibc-2.34-210/lib] ==> [/nix/store/cynvahq5hc4g8hg99vajx6p1gw7sqhm7-glibc-2.34-210/lib]
  collapse library dir [/nix/store/9rg21b5cphwfs7dn4vh28xi5mxkppzqy-gcc-11.3.0-lib/lib] ==> [/nix/store/9rg21b5cphwfs7dn4vh28xi5mxkppzqy-gcc-11.3.0-lib/lib]
  collapse library dir [/nix/store/cynvahq5hc4g8hg99vajx6p1gw7sqhm7-glibc-2.34-210/lib] ==> [/nix/store/cynvahq5hc4g8hg99vajx6p1gw7sqhm7-glibc-2.34-210/lib]
  collapse library dir [/nix/store/9rg21b5cphwfs7dn4vh28xi5mxkppzqy-gcc-11.3.0-lib/lib] ==> [/nix/store/9rg21b5cphwfs7dn4vh28xi5mxkppzqy-gcc-11.3.0-lib/lib]
  collapse library dir [/nix/store/lsyzzki1iv9gwk4vdss7i1cjxrnxling-gcc-wrapper-11.3.0/bin] ==> [/nix/store/lsyzzki1iv9gwk4vdss7i1cjxrnxling-gcc-wrapper-11.3.0/bin]
  collapse library dir [/nix/store/zg9fzn6m0480xqr2mx5ynqkziribycgv-gcc-11.3.0/lib/gcc/x86_64-unknown-linux-gnu/11.3.0] ==> [/nix/store/zg9fzn6m0480xqr2mx5ynqkziribycgv-gcc-11.3.0/lib/gcc/x86_64-unknown-linux-gnu/11.3.0]
  collapse library dir [/nix/store/zg9fzn6m0480xqr2mx5ynqkziribycgv-gcc-11.3.0/lib/gcc/x86_64-unknown-linux-gnu/11.3.0/../../../../lib64] ==> [/nix/store/zg9fzn6m0480xqr2mx5ynqkziribycgv-gcc-11.3.0/lib64]
  collapse library dir [/nix/store/zg9fzn6m0480xqr2mx5ynqkziribycgv-gcc-11.3.0/lib/gcc/x86_64-unknown-linux-gnu/11.3.0/../../..] ==> [/nix/store/zg9fzn6m0480xqr2mx5ynqkziribycgv-gcc-11.3.0/lib]
  implicit libs: [stdc++;m;gcc_s;gcc;c;gcc_s;gcc]
  implicit objs: [/nix/store/cynvahq5hc4g8hg99vajx6p1gw7sqhm7-glibc-2.34-210/lib/crt1.o;/nix/store/cynvahq5hc4g8hg99vajx6p1gw7sqhm7-glibc-2.34-210/lib/crti.o;/nix/store/zg9fzn6m0480xqr2mx5ynqkziribycgv-gcc-11.3.0/lib/gcc/x86_64-unknown-linux-gnu/11.3.0/crtbegin.o;/nix/store/zg9fzn6m0480xqr2mx5ynqkziribycgv-gcc-11.3.0/lib/gcc/x86_64-unknown-linux-gnu/11.3.0/crtend.o;/nix/store/cynvahq5hc4g8hg99vajx6p1gw7sqhm7-glibc-2.34-210/lib/crtn.o]
  implicit dirs: [/nix/store/cynvahq5hc4g8hg99vajx6p1gw7sqhm7-glibc-2.34-210/lib;/nix/store/9rg21b5cphwfs7dn4vh28xi5mxkppzqy-gcc-11.3.0-lib/lib;/nix/store/lsyzzki1iv9gwk4vdss7i1cjxrnxling-gcc-wrapper-11.3.0/bin;/nix/store/zg9fzn6m0480xqr2mx5ynqkziribycgv-gcc-11.3.0/lib/gcc/x86_64-unknown-linux-gnu/11.3.0;/nix/store/zg9fzn6m0480xqr2mx5ynqkziribycgv-gcc-11.3.0/lib64;/nix/store/zg9fzn6m0480xqr2mx5ynqkziribycgv-gcc-11.3.0/lib]
  implicit fwks: []


